\BOOKMARK [0][-]{section*.1}{\376\377\000V\000e\000r\000i\000f\000i\000c\000a\000t\000i\000o\000n\000\040\000L\000e\000t\000t\000e\000r\000\040\000f\000r\000o\000m\000\040\000t\000h\000e\000\040\000O\000r\000a\000l\000\040\000E\000x\000a\000m\000i\000n\000a\000t\000i\000o\000n\000\040\000C\000o\000m\000m\000i\000t\000t\000e\000e}{}% 1
\BOOKMARK [0][-]{chapter*.2}{\376\377\000A\000c\000k\000n\000o\000w\000l\000e\000d\000g\000e\000m\000e\000n\000t\000s}{}% 2
\BOOKMARK [0][-]{chapter*.3}{\376\377\144\130\211\201}{}% 3
\BOOKMARK [0][-]{chapter*.4}{\376\377\000A\000b\000s\000t\000r\000a\000c\000t}{}% 4
\BOOKMARK [0][-]{section*.5}{\376\377\000C\000o\000n\000t\000e\000n\000t\000s}{}% 5
\BOOKMARK [0][-]{section*.6}{\376\377\000L\000i\000s\000t\000\040\000o\000f\000\040\000F\000i\000g\000u\000r\000e\000s}{}% 6
\BOOKMARK [0][-]{section*.7}{\376\377\000L\000i\000s\000t\000\040\000o\000f\000\040\000T\000a\000b\000l\000e\000s}{}% 7
\BOOKMARK [0][-]{chapter.1}{\376\377\000I\000n\000t\000r\000o\000d\000u\000c\000t\000i\000o\000n}{}% 8
\BOOKMARK [1][-]{section.1.1}{\376\377\000B\000a\000c\000k\000g\000r\000o\000u\000n\000d\000\040\000a\000n\000d\000\040\000M\000o\000t\000i\000v\000a\000t\000i\000o\000n}{chapter.1}% 9
\BOOKMARK [1][-]{section.1.2}{\376\377\000O\000r\000t\000h\000o\000g\000o\000n\000a\000l\000\040\000a\000n\000d\000\040\000N\000o\000n\000-\000O\000r\000t\000h\000o\000g\000o\000n\000a\000l\000\040\000M\000u\000l\000t\000i\000p\000l\000e\000\040\000A\000c\000c\000e\000s\000s}{chapter.1}% 10
\BOOKMARK [1][-]{section.1.3}{\376\377\000R\000e\000s\000e\000a\000r\000c\000h\000\040\000Q\000u\000e\000s\000t\000i\000o\000n\000s}{chapter.1}% 11
\BOOKMARK [1][-]{section.1.4}{\376\377\000C\000o\000n\000t\000r\000i\000b\000u\000t\000i\000o\000n\000s}{chapter.1}% 12
\BOOKMARK [1][-]{section.1.5}{\376\377\000T\000h\000e\000s\000i\000s\000\040\000O\000r\000g\000a\000n\000i\000z\000a\000t\000i\000o\000n}{chapter.1}% 13
\BOOKMARK [0][-]{chapter.2}{\376\377\000S\000i\000n\000g\000l\000e\000-\000R\000e\000s\000o\000u\000r\000c\000e\000\040\000U\000p\000l\000i\000n\000k\000\040\000S\000y\000s\000t\000e\000m\000s}{}% 14
\BOOKMARK [1][-]{section.2.1}{\376\377\000S\000y\000s\000t\000e\000m\000\040\000M\000o\000d\000e\000l}{chapter.2}% 15
\BOOKMARK [1][-]{section.2.2}{\376\377\000G\000D\000M\000A\000\040\000D\000e\000t\000e\000c\000t\000i\000o\000n}{chapter.2}% 16
\BOOKMARK [2][-]{subsection.2.2.1}{\376\377\000C\000o\000m\000p\000l\000e\000x\000i\000t\000y\000\040\000o\000f\000\040\000G\000D\000M\000A}{section.2.2}% 17
\BOOKMARK [1][-]{section.2.3}{\376\377\000P\000D\000-\000N\000O\000M\000A\000\040\000w\000i\000t\000h\000\040\000S\000o\000f\000t\000\040\000S\000I\000C}{chapter.2}% 18
\BOOKMARK [1][-]{section.2.4}{\376\377\000S\000i\000m\000u\000l\000a\000t\000i\000o\000n\000\040\000R\000e\000s\000u\000l\000t\000s\000\040\000a\000n\000d\000\040\000D\000i\000s\000c\000u\000s\000s\000i\000o\000n}{chapter.2}% 19
\BOOKMARK [0][-]{chapter.3}{\376\377\000M\000u\000l\000t\000i\000-\000R\000e\000s\000o\000u\000r\000c\000e\000\040\000P\000D\000-\000N\000O\000M\000A}{}% 20
\BOOKMARK [1][-]{section.3.1}{\376\377\000V\000e\000c\000t\000o\000r\000\040\000O\000b\000s\000e\000r\000v\000a\000t\000i\000o\000n\000\040\000M\000o\000d\000e\000l}{chapter.3}% 21
\BOOKMARK [1][-]{section.3.2}{\376\377\000R\000e\000l\000a\000t\000i\000o\000n\000\040\000t\000o\000\040\000O\000t\000h\000e\000r\000\040\000M\000u\000l\000t\000i\000u\000s\000e\000r\000\040\000D\000e\000t\000e\000c\000t\000i\000o\000n\000\040\000M\000o\000d\000e\000l\000s}{chapter.3}% 22
\BOOKMARK [1][-]{section.3.3}{\376\377\000H\000D\000S\000-\000C\000D\000M\000A\000\040\000J\000o\000i\000n\000t\000\040\000D\000e\000t\000e\000c\000t\000i\000o\000n\000\040\000B\000a\000s\000e\000l\000i\000n\000e}{chapter.3}% 23
\BOOKMARK [1][-]{section.3.4}{\376\377\000M\000M\000S\000E\000-\000S\000I\000C\000\040\000D\000e\000t\000e\000c\000t\000i\000o\000n}{chapter.3}% 24
\BOOKMARK [2][-]{subsection.3.4.1}{\376\377\000D\000e\000t\000e\000c\000t\000i\000o\000n\000\040\000O\000r\000d\000e\000r\000i\000n\000g}{section.3.4}% 25
\BOOKMARK [2][-]{subsection.3.4.2}{\376\377\000S\000I\000C\000\040\000P\000r\000o\000c\000e\000d\000u\000r\000e}{section.3.4}% 26
\BOOKMARK [1][-]{section.3.5}{\376\377\000I\000m\000p\000e\000r\000f\000e\000c\000t\000\040\000C\000S\000I\000\040\000M\000o\000d\000e\000l}{chapter.3}% 27
\BOOKMARK [1][-]{section.3.6}{\376\377\000U\000n\000c\000o\000d\000e\000d\000\040\000S\000i\000m\000u\000l\000a\000t\000i\000o\000n\000\040\000R\000e\000s\000u\000l\000t\000s}{chapter.3}% 28
\BOOKMARK [0][-]{chapter.4}{\376\377\000C\000o\000d\000e\000d\000\040\000M\000u\000l\000t\000i\000-\000R\000e\000s\000o\000u\000r\000c\000e\000\040\000S\000y\000s\000t\000e\000m\000s\000\040\000w\000i\000t\000h\000\040\000I\000D\000D}{}% 29
\BOOKMARK [1][-]{section.4.1}{\376\377\000B\000r\000i\000e\000f\000\040\000i\000n\000t\000r\000o\000d\000u\000c\000t\000i\000o\000n\000\040\000o\000f\000\040\000I\000D\000D\000\040\000s\000t\000r\000u\000c\000t\000u\000r\000e}{chapter.4}% 30
\BOOKMARK [1][-]{section.4.2}{\376\377\000C\000o\000d\000e\000d\000\040\000s\000y\000s\000t\000e\000m\000\040\000m\000o\000d\000e\000l}{chapter.4}% 31
\BOOKMARK [1][-]{section.4.3}{\376\377\000M\000M\000S\000E\000-\000S\000I\000C\000-\000I\000D\000D}{chapter.4}% 32
\BOOKMARK [2][-]{subsection.4.3.1}{\376\377\000R\000e\000c\000e\000i\000v\000e\000r\000\040\000P\000r\000o\000c\000e\000d\000u\000r\000e}{section.4.3}% 33
\BOOKMARK [2][-]{subsection.4.3.2}{\376\377\000S\000o\000f\000t\000\040\000I\000n\000f\000o\000r\000m\000a\000t\000i\000o\000n\000\040\000a\000n\000d\000\040\000V\000a\000r\000i\000a\000n\000c\000e}{section.4.3}% 34
\BOOKMARK [2][-]{subsection.4.3.3}{\376\377\000V\000a\000r\000i\000a\000n\000c\000e\000-\000A\000w\000a\000r\000e\000\040\000M\000M\000S\000E\000\040\000F\000i\000l\000t\000e\000r\000i\000n\000g}{section.4.3}% 35
\BOOKMARK [2][-]{subsection.4.3.4}{\376\377\000D\000e\000c\000o\000d\000e\000r\000-\000A\000i\000d\000e\000d\000\040\000S\000I\000C\000\040\000C\000a\000n\000c\000e\000l\000l\000a\000t\000i\000o\000n}{section.4.3}% 36
\BOOKMARK [2][-]{subsection.4.3.5}{\376\377\000L\000L\000R\000\040\000c\000a\000l\000c\000u\000l\000a\000t\000i\000o\000n\000\040\000a\000n\000d\000\040\000s\000o\000f\000t\000\040\000e\000s\000t\000i\000m\000a\000t\000e}{section.4.3}% 37
\BOOKMARK [2][-]{subsection.4.3.6}{\376\377\000A\000l\000g\000o\000r\000i\000t\000h\000m\000\040\000S\000u\000m\000m\000a\000r\000y}{section.4.3}% 38
\BOOKMARK [1][-]{section.4.4}{\376\377\000M\000M\000S\000E\000-\000P\000I\000C\000-\000I\000D\000D}{chapter.4}% 39
\BOOKMARK [1][-]{section.4.5}{\376\377\000M\000A\000P\000-\000I\000D\000D}{chapter.4}% 40
\BOOKMARK [1][-]{section.4.6}{\376\377\000C\000o\000d\000e\000d\000\040\000S\000i\000m\000u\000l\000a\000t\000i\000o\000n\000\040\000R\000e\000s\000u\000l\000t\000s}{chapter.4}% 41
\BOOKMARK [1][-]{section.4.7}{\376\377\000C\000o\000m\000p\000a\000r\000i\000s\000o\000n\000\040\000a\000n\000d\000\040\000s\000u\000m\000m\000a\000r\000y}{chapter.4}% 42
\BOOKMARK [1][-]{section.4.8}{\376\377\000R\000e\000c\000e\000i\000v\000e\000r\000\040\000T\000r\000a\000d\000e\000o\000f\000f\000s}{chapter.4}% 43
\BOOKMARK [0][-]{chapter.5}{\376\377\000C\000o\000d\000e\000d\000\040\000O\000F\000D\000M\000\040\000N\000O\000M\000A}{}% 44
\BOOKMARK [1][-]{section.5.1}{\376\377\000O\000F\000D\000M\000\040\000S\000y\000s\000t\000e\000m\000\040\000M\000o\000d\000e\000l}{chapter.5}% 45
\BOOKMARK [1][-]{section.5.2}{\376\377\000M\000u\000l\000t\000i\000p\000a\000t\000h\000\040\000C\000h\000a\000n\000n\000e\000l\000\040\000M\000o\000d\000e\000l}{chapter.5}% 46
\BOOKMARK [1][-]{section.5.3}{\376\377\000M\000M\000S\000E\000-\000S\000I\000C\000-\000I\000D\000D\000\040\000f\000o\000r\000\040\000O\000F\000D\000M}{chapter.5}% 47
\BOOKMARK [1][-]{section.5.4}{\376\377\000O\000F\000D\000M\000\040\000S\000i\000m\000u\000l\000a\000t\000i\000o\000n\000\040\000S\000e\000t\000t\000i\000n\000g\000s\000\040\000a\000n\000d\000\040\000R\000e\000s\000u\000l\000t\000s}{chapter.5}% 48
\BOOKMARK [1][-]{section.5.5}{\376\377\000A\000s\000y\000n\000c\000h\000r\000o\000n\000o\000u\000s\000\040\000O\000F\000D\000M\000\040\000N\000O\000M\000A\000\040\000s\000y\000s\000t\000e\000m}{chapter.5}% 49
\BOOKMARK [2][-]{subsection.5.5.1}{\376\377\000A\000s\000y\000n\000c\000h\000r\000o\000n\000o\000u\000s\000\040\000S\000i\000g\000n\000a\000l\000\040\000M\000o\000d\000e\000l}{section.5.5}% 50
\BOOKMARK [2][-]{subsection.5.5.2}{\376\377\000A\000s\000y\000n\000c\000h\000r\000o\000n\000o\000u\000s\000\040\000S\000i\000m\000u\000l\000a\000t\000i\000o\000n\000\040\000R\000e\000s\000u\000l\000t\000s}{section.5.5}% 51
\BOOKMARK [0][-]{chapter.6}{\376\377\000C\000o\000n\000c\000l\000u\000s\000i\000o\000n\000\040\000a\000n\000d\000\040\000F\000u\000t\000u\000r\000e\000\040\000W\000o\000r\000k}{}% 52
\BOOKMARK [1][-]{section.6.1}{\376\377\000C\000o\000n\000c\000l\000u\000s\000i\000o\000n}{chapter.6}% 53
\BOOKMARK [1][-]{section.6.2}{\376\377\000F\000u\000t\000u\000r\000e\000\040\000W\000o\000r\000k}{chapter.6}% 54
