This is XeTeX, Version 3.141592653-2.6-0.999997 (MiKTeX 25.12) (preloaded format=xelatex 2026.6.11)  29 JUN 2026 17:51
entering extended mode
 restricted \write18 enabled.
 file:line:error style messages enabled.
 %&-line parsing enabled.
**c:/Users/user/Desktop/論文/論文草稿/main.tex
(c:/Users/user/Desktop/論文/論文草稿/main.tex
LaTeX2e <2025-11-01>
L3 programming layer <2025-12-24>
(ntuthesis.cls
Document Class: ntuthesis 2020/05/01 v2.0 NTU Thesis Template

(C:\Users\user\AppData\Local\Programs\MiKTeX\tex/generic/kvdefinekeys\kvdefinek
eys.sty
Package: kvdefinekeys 2019-12-19 v1.6 Define keys (HO)
)
(C:\Users\user\AppData\Local\Programs\MiKTeX\tex/latex/kvsetkeys\kvsetkeys.sty
Package: kvsetkeys 2022-10-05 v1.19 Key value parser (HO)
) (C:\Users\user\AppData\Local\Programs\MiKTeX\tex/latex/kvoptions\kvoptions.st
y
Package: kvoptions 2022-06-15 v3.15 Key value format for package options (HO)
(C:\Users\user\AppData\Local\Programs\MiKTeX\tex/latex/graphics\keyval.sty
Package: keyval 2022/05/29 v1.15 key=value parser (DPC)
\KV@toks@=\toks17
)
(C:\Users\user\AppData\Local\Programs\MiKTeX\tex/generic/ltxcmds\ltxcmds.sty
Package: ltxcmds 2023-12-04 v1.26 LaTeX kernel commands for general use (HO)
))
(C:\Users\user\AppData\Local\Programs\MiKTeX\tex/generic/iftex\iftex.sty
Package: iftex 2024/12/12 v1.0g TeX engine tests
)
(C:\Users\user\AppData\Local\Programs\MiKTeX\tex/latex/base\ifthen.sty
Package: ifthen 2024/03/16 v1.1e Standard LaTeX ifthen package (DPC)
)
(C:\Users\user\AppData\Local\Programs\MiKTeX\tex/latex/base\report.cls
Document Class: report 2025/01/22 v1.4n Standard LaTeX document class
(C:\Users\user\AppData\Local\Programs\MiKTeX\tex/latex/base\size12.clo
File: size12.clo 2025/01/22 v1.4n Standard LaTeX file (size option)
)
\c@part=\count271
\c@chapter=\count272
\c@section=\count273
\c@subsection=\count274
\c@subsubsection=\count275
\c@paragraph=\count276
\c@subparagraph=\count277
\c@figure=\count278
\c@table=\count279
\abovecaptionskip=\skip49
\belowcaptionskip=\skip50
\bibindent=\dimen148
)
(C:\Users\user\AppData\Local\Programs\MiKTeX\tex/latex/l3packages/xparse\xparse
.sty (C:\Users\user\AppData\Local\Programs\MiKTeX\tex/latex/l3kernel\expl3.sty
Package: expl3 2025-12-24 L3 programming layer (loader) 

(C:\Users\user\AppData\Local\Programs\MiKTeX\tex/latex/l3backend\l3backend-xete
x.def
File: l3backend-xetex.def 2025-10-09 L3 backend support: XeTeX
\g__graphics_track_int=\count280
\g__pdfannot_backend_int=\count281
\g__pdfannot_backend_link_int=\count282
))
Package: xparse 2025-10-09 L3 Experimental document command parser
)
(C:\Users\user\AppData\Local\Programs\MiKTeX\tex/xelatex/xecjk\xeCJK.sty
Package: xeCJK 2022/08/05 v3.9.1 Typesetting CJK scripts with XeLaTeX

(C:\Users\user\AppData\Local\Programs\MiKTeX\tex/latex/ctex\ctexhook.sty
Package: ctexhook 2022/07/14 v2.5.10 Document and package hooks (CTEX)
)
(C:\Users\user\AppData\Local\Programs\MiKTeX\tex/latex/l3packages/xtemplate\xte
mplate.sty
Package: xtemplate 2025-10-09 L3 Experimental prototype document functions
)
\l__xeCJK_tmp_int=\count283
\l__xeCJK_tmp_box=\box53
\l__xeCJK_tmp_dim=\dimen149
\l__xeCJK_tmp_skip=\skip51
\g__xeCJK_space_factor_int=\count284
\l__xeCJK_begin_int=\count285
\l__xeCJK_end_int=\count286
\c__xeCJK_CJK_class_int=\XeTeXcharclass1
\c__xeCJK_FullLeft_class_int=\XeTeXcharclass2
\c__xeCJK_FullRight_class_int=\XeTeXcharclass3
\c__xeCJK_HalfLeft_class_int=\XeTeXcharclass4
\c__xeCJK_HalfRight_class_int=\XeTeXcharclass5
\c__xeCJK_NormalSpace_class_int=\XeTeXcharclass6
\c__xeCJK_CM_class_int=\XeTeXcharclass7
\c__xeCJK_HangulJamo_class_int=\XeTeXcharclass8
\l__xeCJK_last_skip=\skip52
\c__xeCJK_none_node=\count287
\g__xeCJK_node_int=\count288
\c__xeCJK_CJK_node_dim=\dimen150
\c__xeCJK_CJK-space_node_dim=\dimen151
\c__xeCJK_default_node_dim=\dimen152
\c__xeCJK_CJK-widow_node_dim=\dimen153
\c__xeCJK_normalspace_node_dim=\dimen154
\c__xeCJK_default-space_node_skip=\skip53
\l__xeCJK_ccglue_skip=\skip54
\l__xeCJK_ecglue_skip=\skip55
\l__xeCJK_punct_kern_skip=\skip56
\l__xeCJK_indent_box=\box54
\l__xeCJK_last_penalty_int=\count289
\l__xeCJK_last_bound_dim=\dimen155
\l__xeCJK_last_kern_dim=\dimen156
\l__xeCJK_widow_penalty_int=\count290

LaTeX template Info: Declaring template type 'xeCJK/punctuation' taking 0
(template)           argument(s) on line 2396.

\l__xeCJK_fixed_punct_width_dim=\dimen157
\l__xeCJK_mixed_punct_width_dim=\dimen158
\l__xeCJK_middle_punct_width_dim=\dimen159
\l__xeCJK_fixed_margin_width_dim=\dimen160
\l__xeCJK_mixed_margin_width_dim=\dimen161
\l__xeCJK_middle_margin_width_dim=\dimen162
\l__xeCJK_bound_punct_width_dim=\dimen163
\l__xeCJK_bound_margin_width_dim=\dimen164
\l__xeCJK_margin_minimum_dim=\dimen165
\l__xeCJK_kerning_total_width_dim=\dimen166
\l__xeCJK_same_align_margin_dim=\dimen167
\l__xeCJK_different_align_margin_dim=\dimen168
\l__xeCJK_kerning_margin_width_dim=\dimen169
\l__xeCJK_kerning_margin_minimum_dim=\dimen170
\l__xeCJK_bound_dim=\dimen171
\l__xeCJK_reverse_bound_dim=\dimen172
\l__xeCJK_margin_dim=\dimen173
\l__xeCJK_minimum_bound_dim=\dimen174
\l__xeCJK_kerning_margin_dim=\dimen175
\g__xeCJK_family_int=\count291
\l__xeCJK_fam_int=\count292
\g__xeCJK_fam_allocation_int=\count293
\l__xeCJK_verb_case_int=\count294
\l__xeCJK_verb_exspace_skip=\skip57

(C:\Users\user\AppData\Local\Programs\MiKTeX\tex/latex/fontspec\fontspec.sty
Package: fontspec 2025/09/29 v2.9g Font selection for XeLaTeX and LuaLaTeX

(C:\Users\user\AppData\Local\Programs\MiKTeX\tex/latex/fontspec\fontspec-xetex.
sty
Package: fontspec-xetex 2025/09/29 v2.9g Font selection for XeLaTeX and LuaLaTe
X
\l__fontspec_script_int=\count295
\l__fontspec_language_int=\count296
\l__fontspec_strnum_int=\count297
\l__fontspec_tmp_int=\count298
\l__fontspec_tmpa_int=\count299
\l__fontspec_tmpb_int=\count300
\l__fontspec_tmpc_int=\count301
\l__fontspec_em_int=\count302
\l__fontspec_emdef_int=\count303
\l__fontspec_strong_int=\count304
\l__fontspec_strongdef_int=\count305
\l__fontspec_tmpa_dim=\dimen176
\l__fontspec_tmpb_dim=\dimen177
\l__fontspec_tmpc_dim=\dimen178
 (C:\Users\user\AppData\Local\Programs\MiKTeX\tex/latex/base\fontenc.sty
Package: fontenc 2025/07/18 v2.1d Standard LaTeX package
)
(C:\Users\user\AppData\Local\Programs\MiKTeX\tex/latex/fontspec\fontspec.cfg)))
(C:\Users\user\AppData\Local\Programs\MiKTeX\tex/xelatex/xecjk\xeCJK.cfg
File: xeCJK.cfg 2022/08/05 v3.9.1 Configuration file for xeCJK package
))
(C:\Users\user\AppData\Local\Programs\MiKTeX\tex/latex/tools\indentfirst.sty
Package: indentfirst 2023/07/02 v1.03 Indent first paragraph (DPC)
)
(C:\Users\user\AppData\Local\Programs\MiKTeX\tex/latex/xcolor\xcolor.sty
Package: xcolor 2024/09/29 v3.02 LaTeX color extensions (UK)

(C:\Users\user\AppData\Local\Programs\MiKTeX\tex/latex/graphics-cfg\color.cfg
File: color.cfg 2016/01/02 v1.6 sample color configuration
)
Package xcolor Info: Driver file: xetex.def on input line 274.

(C:\Users\user\AppData\Local\Programs\MiKTeX\tex/latex/graphics-def\xetex.def
File: xetex.def 2025/11/01 v5.0p Graphics/color driver for xetex
)
(C:\Users\user\AppData\Local\Programs\MiKTeX\tex/latex/graphics\mathcolor.ltx)
Package xcolor Info: Model `cmy' substituted by `cmy0' on input line 1349.
Package xcolor Info: Model `RGB' extended on input line 1365.
Package xcolor Info: Model `HTML' substituted by `rgb' on input line 1367.
Package xcolor Info: Model `Hsb' substituted by `hsb' on input line 1368.
Package xcolor Info: Model `tHsb' substituted by `hsb' on input line 1369.
Package xcolor Info: Model `HSB' substituted by `hsb' on input line 1370.
Package xcolor Info: Model `Gray' substituted by `gray' on input line 1371.
Package xcolor Info: Model `wave' substituted by `hsb' on input line 1372.
) (C:\Users\user\AppData\Local\Programs\MiKTeX\tex/latex/titlesec\titlesec.sty
Package: titlesec 2025/01/04 v2.17 Sectioning titles
\ttl@box=\box55
\beforetitleunit=\skip58
\aftertitleunit=\skip59
\ttl@plus=\dimen179
\ttl@minus=\dimen180
\ttl@toksa=\toks18
\titlewidth=\dimen181
\titlewidthlast=\dimen182
\titlewidthfirst=\dimen183
)
(C:\Users\user\AppData\Local\Programs\MiKTeX\tex/latex/titlesec\titletoc.sty
Package: titletoc 2025/01/04 v2.17 TOC entries
\ttl@leftsep=\dimen184
)
(C:\Users\user\AppData\Local\Programs\MiKTeX\tex/latex/tocloft\tocloft.sty
Package: tocloft 2017/08/31 v2.3i parameterised ToC, etc., typesetting
Package tocloft Info: The document has chapter divisions on input line 51.
\cftparskip=\skip60
\cftbeforetoctitleskip=\skip61
\cftaftertoctitleskip=\skip62
\cftbeforepartskip=\skip63
\cftpartnumwidth=\skip64
\cftpartindent=\skip65
\cftbeforechapskip=\skip66
\cftchapindent=\skip67
\cftchapnumwidth=\skip68
\cftbeforesecskip=\skip69
\cftsecindent=\skip70
\cftsecnumwidth=\skip71
\cftbeforesubsecskip=\skip72
\cftsubsecindent=\skip73
\cftsubsecnumwidth=\skip74
\cftbeforesubsubsecskip=\skip75
\cftsubsubsecindent=\skip76
\cftsubsubsecnumwidth=\skip77
\cftbeforeparaskip=\skip78
\cftparaindent=\skip79
\cftparanumwidth=\skip80
\cftbeforesubparaskip=\skip81
\cftsubparaindent=\skip82
\cftsubparanumwidth=\skip83
\cftbeforeloftitleskip=\skip84
\cftafterloftitleskip=\skip85
\cftbeforefigskip=\skip86
\cftfigindent=\skip87
\cftfignumwidth=\skip88
\c@lofdepth=\count306
\c@lotdepth=\count307
\cftbeforelottitleskip=\skip89
\cftafterlottitleskip=\skip90
\cftbeforetabskip=\skip91
\cfttabindent=\skip92
\cfttabnumwidth=\skip93
)
(C:\Users\user\AppData\Local\Programs\MiKTeX\tex/latex/fancyhdr\fancyhdr.sty
Package: fancyhdr 2025/02/07 v5.2 Extensive control of page headers and footers

\f@nch@headwidth=\skip94
\f@nch@offset@elh=\skip95
\f@nch@offset@erh=\skip96
\f@nch@offset@olh=\skip97
\f@nch@offset@orh=\skip98
\f@nch@offset@elf=\skip99
\f@nch@offset@erf=\skip100
\f@nch@offset@olf=\skip101
\f@nch@offset@orf=\skip102
\f@nch@height=\skip103
\f@nch@footalignment=\skip104
\f@nch@widthL=\skip105
\f@nch@widthC=\skip106
\f@nch@widthR=\skip107
\@temptokenb=\toks19
)
(C:\Users\user\AppData\Local\Programs\MiKTeX\tex/latex/setspace\setspace.sty
Package: setspace 2022/12/04 v6.7b set line spacing
)
(C:\Users\user\AppData\Local\Programs\MiKTeX\tex/latex/graphics\graphicx.sty
Package: graphicx 2024/12/31 v1.2e Enhanced LaTeX Graphics (DPC,SPQR)

(C:\Users\user\AppData\Local\Programs\MiKTeX\tex/latex/graphics\graphics.sty
Package: graphics 2024/08/06 v1.4g Standard LaTeX Graphics (DPC,SPQR)

(C:\Users\user\AppData\Local\Programs\MiKTeX\tex/latex/graphics\trig.sty
Package: trig 2023/12/02 v1.11 sin cos tan (DPC)
)
(C:\Users\user\AppData\Local\Programs\MiKTeX\tex/latex/graphics-cfg\graphics.cf
g
File: graphics.cfg 2016/06/04 v1.11 sample graphics configuration
)
Package graphics Info: Driver file: xetex.def on input line 106.
)
\Gin@req@height=\dimen185
\Gin@req@width=\dimen186
)
(C:\Users\user\AppData\Local\Programs\MiKTeX\tex/latex/pgf/frontendlayer\tikz.s
ty
(C:\Users\user\AppData\Local\Programs\MiKTeX\tex/latex/pgf/basiclayer\pgf.sty
(C:\Users\user\AppData\Local\Programs\MiKTeX\tex/latex/pgf/utilities\pgfrcs.sty

(C:\Users\user\AppData\Local\Programs\MiKTeX\tex/generic/pgf/utilities\pgfutil-
common.tex
\pgfutil@everybye=\toks20
\pgfutil@tempdima=\dimen187
\pgfutil@tempdimb=\dimen188
)
(C:\Users\user\AppData\Local\Programs\MiKTeX\tex/generic/pgf/utilities\pgfutil-
latex.def
\pgfutil@abb=\box56
)
(C:\Users\user\AppData\Local\Programs\MiKTeX\tex/generic/pgf/utilities\pgfrcs.c
ode.tex
(C:\Users\user\AppData\Local\Programs\MiKTeX\tex/generic/pgf\pgf.revision.tex)
Package: pgfrcs 2025-08-29 v3.1.11a (3.1.11a)
))
Package: pgf 2025-08-29 v3.1.11a (3.1.11a)

(C:\Users\user\AppData\Local\Programs\MiKTeX\tex/latex/pgf/basiclayer\pgfcore.s
ty
(C:\Users\user\AppData\Local\Programs\MiKTeX\tex/latex/pgf/systemlayer\pgfsys.s
ty
(C:\Users\user\AppData\Local\Programs\MiKTeX\tex/generic/pgf/systemlayer\pgfsys
.code.tex
Package: pgfsys 2025-08-29 v3.1.11a (3.1.11a)

(C:\Users\user\AppData\Local\Programs\MiKTeX\tex/generic/pgf/utilities\pgfkeys.
code.tex
\pgfkeys@pathtoks=\toks21
\pgfkeys@temptoks=\toks22

(C:\Users\user\AppData\Local\Programs\MiKTeX\tex/generic/pgf/utilities\pgfkeysl
ibraryfiltered.code.tex
\pgfkeys@tmptoks=\toks23
))
\pgf@x=\dimen189
\pgf@y=\dimen190
\pgf@xa=\dimen191
\pgf@ya=\dimen192
\pgf@xb=\dimen193
\pgf@yb=\dimen194
\pgf@xc=\dimen195
\pgf@yc=\dimen196
\pgf@xd=\dimen197
\pgf@yd=\dimen198
\w@pgf@writea=\write3
\r@pgf@reada=\read2
\c@pgf@counta=\count308
\c@pgf@countb=\count309
\c@pgf@countc=\count310
\c@pgf@countd=\count311
\t@pgf@toka=\toks24
\t@pgf@tokb=\toks25
\t@pgf@tokc=\toks26
\pgf@sys@id@count=\count312

(C:\Users\user\AppData\Local\Programs\MiKTeX\tex/generic/pgf/systemlayer\pgf.cf
g
File: pgf.cfg 2025-08-29 v3.1.11a (3.1.11a)
)
Driver file for pgf: pgfsys-xetex.def

(C:\Users\user\AppData\Local\Programs\MiKTeX\tex/generic/pgf/systemlayer\pgfsys
-xetex.def
File: pgfsys-xetex.def 2025-08-29 v3.1.11a (3.1.11a)

(C:\Users\user\AppData\Local\Programs\MiKTeX\tex/generic/pgf/systemlayer\pgfsys
-dvipdfmx.def
File: pgfsys-dvipdfmx.def 2025-08-29 v3.1.11a (3.1.11a)

(C:\Users\user\AppData\Local\Programs\MiKTeX\tex/generic/pgf/systemlayer\pgfsys
-common-pdf.def
File: pgfsys-common-pdf.def 2025-08-29 v3.1.11a (3.1.11a)
)
\pgfsys@objnum=\count313
)))
(C:\Users\user\AppData\Local\Programs\MiKTeX\tex/generic/pgf/systemlayer\pgfsys
softpath.code.tex
File: pgfsyssoftpath.code.tex 2025-08-29 v3.1.11a (3.1.11a)
\pgfsyssoftpath@smallbuffer@items=\count314
\pgfsyssoftpath@bigbuffer@items=\count315
)
(C:\Users\user\AppData\Local\Programs\MiKTeX\tex/generic/pgf/systemlayer\pgfsys
protocol.code.tex
File: pgfsysprotocol.code.tex 2025-08-29 v3.1.11a (3.1.11a)
))
(C:\Users\user\AppData\Local\Programs\MiKTeX\tex/generic/pgf/basiclayer\pgfcore
.code.tex
Package: pgfcore 2025-08-29 v3.1.11a (3.1.11a)

(C:\Users\user\AppData\Local\Programs\MiKTeX\tex/generic/pgf/math\pgfmath.code.
tex
(C:\Users\user\AppData\Local\Programs\MiKTeX\tex/generic/pgf/math\pgfmathutil.c
ode.tex)
(C:\Users\user\AppData\Local\Programs\MiKTeX\tex/generic/pgf/math\pgfmathparser
.code.tex
\pgfmath@dimen=\dimen199
\pgfmath@count=\count316
\pgfmath@box=\box57
\pgfmath@toks=\toks27
\pgfmath@stack@operand=\toks28
\pgfmath@stack@operation=\toks29
)
(C:\Users\user\AppData\Local\Programs\MiKTeX\tex/generic/pgf/math\pgfmathfuncti
ons.code.tex)
(C:\Users\user\AppData\Local\Programs\MiKTeX\tex/generic/pgf/math\pgfmathfuncti
ons.basic.code.tex)
(C:\Users\user\AppData\Local\Programs\MiKTeX\tex/generic/pgf/math\pgfmathfuncti
ons.trigonometric.code.tex)
(C:\Users\user\AppData\Local\Programs\MiKTeX\tex/generic/pgf/math\pgfmathfuncti
ons.random.code.tex)
(C:\Users\user\AppData\Local\Programs\MiKTeX\tex/generic/pgf/math\pgfmathfuncti
ons.comparison.code.tex)
(C:\Users\user\AppData\Local\Programs\MiKTeX\tex/generic/pgf/math\pgfmathfuncti
ons.base.code.tex)
(C:\Users\user\AppData\Local\Programs\MiKTeX\tex/generic/pgf/math\pgfmathfuncti
ons.round.code.tex)
(C:\Users\user\AppData\Local\Programs\MiKTeX\tex/generic/pgf/math\pgfmathfuncti
ons.misc.code.tex)
(C:\Users\user\AppData\Local\Programs\MiKTeX\tex/generic/pgf/math\pgfmathfuncti
ons.integerarithmetics.code.tex)
(C:\Users\user\AppData\Local\Programs\MiKTeX\tex/generic/pgf/math\pgfmathcalc.c
ode.tex)
(C:\Users\user\AppData\Local\Programs\MiKTeX\tex/generic/pgf/math\pgfmathfloat.
code.tex
\c@pgfmathroundto@lastzeros=\count317
))
(C:\Users\user\AppData\Local\Programs\MiKTeX\tex/generic/pgf/math\pgfint.code.t
ex)
(C:\Users\user\AppData\Local\Programs\MiKTeX\tex/generic/pgf/basiclayer\pgfcore
points.code.tex
File: pgfcorepoints.code.tex 2025-08-29 v3.1.11a (3.1.11a)
\pgf@picminx=\dimen256
\pgf@picmaxx=\dimen257
\pgf@picminy=\dimen258
\pgf@picmaxy=\dimen259
\pgf@pathminx=\dimen260
\pgf@pathmaxx=\dimen261
\pgf@pathminy=\dimen262
\pgf@pathmaxy=\dimen263
\pgf@xx=\dimen264
\pgf@xy=\dimen265
\pgf@yx=\dimen266
\pgf@yy=\dimen267
\pgf@zx=\dimen268
\pgf@zy=\dimen269
)
(C:\Users\user\AppData\Local\Programs\MiKTeX\tex/generic/pgf/basiclayer\pgfcore
pathconstruct.code.tex
File: pgfcorepathconstruct.code.tex 2025-08-29 v3.1.11a (3.1.11a)
\pgf@path@lastx=\dimen270
\pgf@path@lasty=\dimen271
)
(C:\Users\user\AppData\Local\Programs\MiKTeX\tex/generic/pgf/basiclayer\pgfcore
pathusage.code.tex
File: pgfcorepathusage.code.tex 2025-08-29 v3.1.11a (3.1.11a)
\pgf@shorten@end@additional=\dimen272
\pgf@shorten@start@additional=\dimen273
)
(C:\Users\user\AppData\Local\Programs\MiKTeX\tex/generic/pgf/basiclayer\pgfcore
scopes.code.tex
File: pgfcorescopes.code.tex 2025-08-29 v3.1.11a (3.1.11a)
\pgfpic=\box58
\pgf@hbox=\box59
\pgf@layerbox@main=\box60
\pgf@picture@serial@count=\count318
)
(C:\Users\user\AppData\Local\Programs\MiKTeX\tex/generic/pgf/basiclayer\pgfcore
graphicstate.code.tex
File: pgfcoregraphicstate.code.tex 2025-08-29 v3.1.11a (3.1.11a)
\pgflinewidth=\dimen274
)
(C:\Users\user\AppData\Local\Programs\MiKTeX\tex/generic/pgf/basiclayer\pgfcore
transformations.code.tex
File: pgfcoretransformations.code.tex 2025-08-29 v3.1.11a (3.1.11a)
\pgf@pt@x=\dimen275
\pgf@pt@y=\dimen276
\pgf@pt@temp=\dimen277
)
(C:\Users\user\AppData\Local\Programs\MiKTeX\tex/generic/pgf/basiclayer\pgfcore
quick.code.tex
File: pgfcorequick.code.tex 2025-08-29 v3.1.11a (3.1.11a)
)
(C:\Users\user\AppData\Local\Programs\MiKTeX\tex/generic/pgf/basiclayer\pgfcore
objects.code.tex
File: pgfcoreobjects.code.tex 2025-08-29 v3.1.11a (3.1.11a)
)
(C:\Users\user\AppData\Local\Programs\MiKTeX\tex/generic/pgf/basiclayer\pgfcore
pathprocessing.code.tex
File: pgfcorepathprocessing.code.tex 2025-08-29 v3.1.11a (3.1.11a)
)
(C:\Users\user\AppData\Local\Programs\MiKTeX\tex/generic/pgf/basiclayer\pgfcore
arrows.code.tex
File: pgfcorearrows.code.tex 2025-08-29 v3.1.11a (3.1.11a)
\pgfarrowsep=\dimen278
)
(C:\Users\user\AppData\Local\Programs\MiKTeX\tex/generic/pgf/basiclayer\pgfcore
shade.code.tex
File: pgfcoreshade.code.tex 2025-08-29 v3.1.11a (3.1.11a)
\pgf@max=\dimen279
\pgf@sys@shading@range@num=\count319
\pgf@shadingcount=\count320
)
(C:\Users\user\AppData\Local\Programs\MiKTeX\tex/generic/pgf/basiclayer\pgfcore
image.code.tex
File: pgfcoreimage.code.tex 2025-08-29 v3.1.11a (3.1.11a)
)
(C:\Users\user\AppData\Local\Programs\MiKTeX\tex/generic/pgf/basiclayer\pgfcore
external.code.tex
File: pgfcoreexternal.code.tex 2025-08-29 v3.1.11a (3.1.11a)
\pgfexternal@startupbox=\box61
)
(C:\Users\user\AppData\Local\Programs\MiKTeX\tex/generic/pgf/basiclayer\pgfcore
layers.code.tex
File: pgfcorelayers.code.tex 2025-08-29 v3.1.11a (3.1.11a)
)
(C:\Users\user\AppData\Local\Programs\MiKTeX\tex/generic/pgf/basiclayer\pgfcore
transparency.code.tex
File: pgfcoretransparency.code.tex 2025-08-29 v3.1.11a (3.1.11a)
)
(C:\Users\user\AppData\Local\Programs\MiKTeX\tex/generic/pgf/basiclayer\pgfcore
patterns.code.tex
File: pgfcorepatterns.code.tex 2025-08-29 v3.1.11a (3.1.11a)
)
(C:\Users\user\AppData\Local\Programs\MiKTeX\tex/generic/pgf/basiclayer\pgfcore
rdf.code.tex
File: pgfcorerdf.code.tex 2025-08-29 v3.1.11a (3.1.11a)
)))
(C:\Users\user\AppData\Local\Programs\MiKTeX\tex/generic/pgf/modules\pgfmodules
hapes.code.tex
File: pgfmoduleshapes.code.tex 2025-08-29 v3.1.11a (3.1.11a)
\pgfnodeparttextbox=\box62
)
(C:\Users\user\AppData\Local\Programs\MiKTeX\tex/generic/pgf/modules\pgfmodulep
lot.code.tex
File: pgfmoduleplot.code.tex 2025-08-29 v3.1.11a (3.1.11a)
)
(C:\Users\user\AppData\Local\Programs\MiKTeX\tex/latex/pgf/compatibility\pgfcom
p-version-0-65.sty
Package: pgfcomp-version-0-65 2025-08-29 v3.1.11a (3.1.11a)
\pgf@nodesepstart=\dimen280
\pgf@nodesepend=\dimen281
)
(C:\Users\user\AppData\Local\Programs\MiKTeX\tex/latex/pgf/compatibility\pgfcom
p-version-1-18.sty
Package: pgfcomp-version-1-18 2025-08-29 v3.1.11a (3.1.11a)
))
(C:\Users\user\AppData\Local\Programs\MiKTeX\tex/latex/pgf/utilities\pgffor.sty

(C:\Users\user\AppData\Local\Programs\MiKTeX\tex/latex/pgf/utilities\pgfkeys.st
y
(C:\Users\user\AppData\Local\Programs\MiKTeX\tex/generic/pgf/utilities\pgfkeys.
code.tex))
(C:\Users\user\AppData\Local\Programs\MiKTeX\tex/latex/pgf/math\pgfmath.sty
(C:\Users\user\AppData\Local\Programs\MiKTeX\tex/generic/pgf/math\pgfmath.code.
tex))
(C:\Users\user\AppData\Local\Programs\MiKTeX\tex/generic/pgf/utilities\pgffor.c
ode.tex
Package: pgffor 2025-08-29 v3.1.11a (3.1.11a)
\pgffor@iter=\dimen282
\pgffor@skip=\dimen283
\pgffor@stack=\toks30
\pgffor@toks=\toks31
))
(C:\Users\user\AppData\Local\Programs\MiKTeX\tex/generic/pgf/frontendlayer/tikz
\tikz.code.tex
Package: tikz 2025-08-29 v3.1.11a (3.1.11a)

(C:\Users\user\AppData\Local\Programs\MiKTeX\tex/generic/pgf/libraries\pgflibra
ryplothandlers.code.tex
File: pgflibraryplothandlers.code.tex 2025-08-29 v3.1.11a (3.1.11a)
\pgf@plot@mark@count=\count321
\pgfplotmarksize=\dimen284
)
\tikz@lastx=\dimen285
\tikz@lasty=\dimen286
\tikz@lastxsaved=\dimen287
\tikz@lastysaved=\dimen288
\tikz@lastmovetox=\dimen289
\tikz@lastmovetoy=\dimen290
\tikzleveldistance=\dimen291
\tikzsiblingdistance=\dimen292
\tikz@figbox=\box63
\tikz@figbox@bg=\box64
\tikz@tempbox=\box65
\tikz@tempbox@bg=\box66
\tikztreelevel=\count322
\tikznumberofchildren=\count323
\tikznumberofcurrentchild=\count324
\tikz@fig@count=\count325

(C:\Users\user\AppData\Local\Programs\MiKTeX\tex/generic/pgf/modules\pgfmodulem
atrix.code.tex
File: pgfmodulematrix.code.tex 2025-08-29 v3.1.11a (3.1.11a)
\pgfmatrixcurrentrow=\count326
\pgfmatrixcurrentcolumn=\count327
\pgf@matrix@numberofcolumns=\count328
)
\tikz@expandcount=\count329

(C:\Users\user\AppData\Local\Programs\MiKTeX\tex/generic/pgf/frontendlayer/tikz
/libraries\tikzlibrarytopaths.code.tex
File: tikzlibrarytopaths.code.tex 2025-08-29 v3.1.11a (3.1.11a)
)))
(C:\Users\user\AppData\Local\Programs\MiKTeX\tex/latex/eso-pic\eso-pic.sty
Package: eso-pic 2026/05/31 v3.0e eso-pic (RN)
\ESO@tempdima=\dimen293
\ESO@tempdimb=\dimen294
)
(C:\Users\user\AppData\Local\Programs\MiKTeX\tex/latex/pdfpages\pdfpages.sty
Package: pdfpages 2026/03/30 v0.6h Insert pages of external PDF documents (AM)

(C:\Users\user\AppData\Local\Programs\MiKTeX\tex/latex/tools\calc.sty
Package: calc 2025/03/01 v4.3b Infix arithmetic (KKT,FJ)
\calc@Acount=\count330
\calc@Bcount=\count331
\calc@Adimen=\dimen295
\calc@Bdimen=\dimen296
\calc@Askip=\skip108
\calc@Bskip=\skip109
LaTeX Info: Redefining \setlength on input line 86.
LaTeX Info: Redefining \addtolength on input line 87.
\calc@Ccount=\count332
\calc@Cskip=\skip110
)
(C:\Users\user\AppData\Local\Programs\MiKTeX\tex/latex/etoolbox\etoolbox.sty
Package: etoolbox 2025/10/02 v2.5m e-TeX tools for LaTeX (JAW)
\etb@tempcnta=\count333
)
\AM@pagewidth=\dimen297
\AM@pageheight=\dimen298
\AM@fboxrule=\dimen299

(C:\Users\user\AppData\Local\Programs\MiKTeX\tex/latex/pdfpages\ppxetex.def
File: ppxetex.def 2026/03/30 v0.6h Pdfpages driver for XeTeX (AM)
)
\pdfpages@includegraphics@status=\count334
\AM@pagebox=\box67
\AM@global@opts=\toks32
\AM@pagecnt=\count335
\AM@toc@title=\toks33
\AM@lof@heading=\toks34
\c@AM@survey=\count336
\AM@templatesizebox=\box68
)
(C:\Users\user\AppData\Local\Programs\MiKTeX\tex/latex/tools\tabularx.sty
Package: tabularx 2023/12/11 v2.12a `tabularx' package (DPC)

(C:\Users\user\AppData\Local\Programs\MiKTeX\tex/latex/tools\array.sty
Package: array 2025/09/25 v2.6n Tabular extension package (FMi)
\col@sep=\dimen300
\ar@mcellbox=\box69
\extrarowheight=\dimen301
\NC@list=\toks35
\extratabsurround=\skip111
\backup@length=\skip112
\ar@cellbox=\box70
)
\TX@col@width=\dimen302
\TX@old@table=\dimen303
\TX@old@col=\dimen304
\TX@target=\dimen305
\TX@delta=\dimen306
\TX@cols=\count337
\TX@ftn=\toks36
)
(C:\Users\user\AppData\Local\Programs\MiKTeX\tex/latex/booktabs\booktabs.sty
Package: booktabs 2020/01/12 v1.61803398 Publication quality tables
\heavyrulewidth=\dimen307
\lightrulewidth=\dimen308
\cmidrulewidth=\dimen309
\belowrulesep=\dimen310
\belowbottomsep=\dimen311
\aboverulesep=\dimen312
\abovetopsep=\dimen313
\cmidrulesep=\dimen314
\cmidrulekern=\dimen315
\defaultaddspace=\dimen316
\@cmidla=\count338
\@cmidlb=\count339
\@aboverulesep=\dimen317
\@belowrulesep=\dimen318
\@thisruleclass=\count340
\@lastruleclass=\count341
\@thisrulewidth=\dimen319
)
(C:\Users\user\AppData\Local\Programs\MiKTeX\tex/latex/multirow\multirow.sty
Package: multirow 2024/11/12 v2.9 Span multiple rows of a table
\multirow@colwidth=\skip113
\multirow@cntb=\count342
\multirow@dima=\skip114
\bigstrutjot=\dimen320
)
(C:\Users\user\AppData\Local\Programs\MiKTeX\tex/latex/diagbox\diagbox.sty
Package: diagbox 2020/02/09 v2.3 Making table heads with diagonal lines

(C:\Users\user\AppData\Local\Programs\MiKTeX\tex/latex/pict2e\pict2e.sty
Package: pict2e 2020/09/30 v0.4b Improved picture commands (HjG,RN,JT)

(C:\Users\user\AppData\Local\Programs\MiKTeX\tex/latex/pict2e\pict2e.cfg
File: pict2e.cfg 2016/02/05 v0.1u pict2e configuration for teTeX/TeXLive
)
Package pict2e Info: Driver file: xetex.def on input line 112.
Package pict2e Info: Driver file for pict2e: p2e-xetex.def on input line 114.

(C:\Users\user\AppData\Local\Programs\MiKTeX\tex/latex/pict2e\p2e-xetex.def
File: p2e-xetex.def 2016/02/05 v0.1u Driver-dependant file (RN,HjG,JT)
)
\pIIe@GRAPH=\toks37
\@arclen=\dimen321
\@arcrad=\dimen322
\pIIe@tempdima=\dimen323
\pIIe@tempdimb=\dimen324
\pIIe@tempdimc=\dimen325
\pIIe@tempdimd=\dimen326
\pIIe@tempdime=\dimen327
\pIIe@tempdimf=\dimen328
)
\diagbox@boxa=\box71
\diagbox@boxb=\box72
\diagbox@boxm=\box73
\diagbox@wd=\dimen329
\diagbox@ht=\dimen330
\diagbox@insepl=\dimen331
\diagbox@insepr=\dimen332
\diagbox@outsepl=\dimen333
\diagbox@outsepr=\dimen334
)
(C:\Users\user\AppData\Local\Programs\MiKTeX\tex/latex/tools\longtable.sty
Package: longtable 2025-10-13 v4.24 Multi-page Table package (DPC)
\LTleft=\skip115
\LTright=\skip116
\LTpre=\skip117
\LTpost=\skip118
\LTchunksize=\count343
\LTcapwidth=\dimen335
\LT@head=\box74
\LT@firsthead=\box75
\LT@foot=\box76
\LT@lastfoot=\box77
\LT@gbox=\box78
\LT@cols=\count344
\LT@rows=\count345
\c@LT@tables=\count346
\c@LT@chunks=\count347
\LT@p@ftn=\toks38
)
(C:\Users\user\AppData\Local\Programs\MiKTeX\tex/latex/datetime\datetime.sty
Package: datetime 2015/03/20 v2.60 Date Time Package

(C:\Users\user\AppData\Local\Programs\MiKTeX\tex/latex/fmtcount\fmtcount.sty
Package: fmtcount 2025/12/02 v3.12 Displaying the values of LaTeX counters (NT,
VB,NE)

(C:\Users\user\AppData\Local\Programs\MiKTeX\tex/latex/xkeyval\xkeyval.sty
Package: xkeyval 2022/06/16 v2.9 package option processing (HA)

(C:\Users\user\AppData\Local\Programs\MiKTeX\tex/generic/xkeyval\xkeyval.tex
(C:\Users\user\AppData\Local\Programs\MiKTeX\tex/generic/xkeyval\xkvutils.tex
\XKV@toks=\toks39
\XKV@tempa@toks=\toks40
)
\XKV@depth=\count348
File: xkeyval.tex 2014/12/03 v2.7a key=value parser (HA)
)) (C:\Users\user\AppData\Local\Programs\MiKTeX\tex/latex/fmtcount\fcprefix.sty
Package: fcprefix 2012/09/28

(C:\Users\user\AppData\Local\Programs\MiKTeX\tex/latex/fmtcount\fcnumparser.sty
Package: fcnumparser 2017/06/15
\fc@digit@counter=\count349
)) (C:\Users\user\AppData\Local\Programs\MiKTeX\tex/latex/amsmath\amsgen.sty
File: amsgen.sty 1999/11/30 v2.0 generic functions
\@emptytoks=\toks41
\ex@=\dimen336
)
\c@padzeroesN=\count350
\fc@tmpcatcode=\count351
\@DT@modctr=\count352
\@ordinalctr=\count353
\@orgargctr=\count354
\@strctr=\count355
\@tmpstrctr=\count356
\@DT@loopN=\count357
\@DT@X=\count358
)
(C:\Users\user\AppData\Local\Programs\MiKTeX\tex/latex/datetime\datetime-defaul
ts.sty
Package: datetime-defaults 2013/09/10
)
\@day=\count359
\@month=\count360
\@year=\count361
\c@HOUR=\count362
\c@HOURXII=\count363
\c@MINUTE=\count364
\c@TOHOUR=\count365
\c@TOMINUTE=\count366
\c@SECOND=\count367
\currenthour=\count368
\currentminute=\count369
\currentsecond=\count370
Package datetime Info: No datetime.cfg file found, using default settings on in
put line 308.
\@dtctr=\count371
\dayofyear=\count372
\dayofweek=\count373
LaTeX Info: Redefining \today on input line 736.
\dt@a=\toks42
\dt@b=\toks43
) (C:\Users\user\AppData\Local\Programs\MiKTeX\tex/latex/cjk\CJKnumb.sty
Package: CJKnumb 2021/10/16 4.8.5
\CJK@q=\count374
\CJK@r=\count375
) (C:\Users\user\AppData\Local\Programs\MiKTeX\tex/latex/fp\fp.sty
Package: fp 1995/04/02

`Fixed Point Package', Version 0.8, April 2, 1995 (C) Michael Mehlich
(C:\Users\user\AppData\Local\Programs\MiKTeX\tex/latex/fp\defpattern.sty
Package: defpattern 1994/10/12
\actioncount=\count376
)
(C:\Users\user\AppData\Local\Programs\MiKTeX\tex/latex/fp\fp-basic.sty
Package: fp-basic 1996/05/13
\FP@xs=\count377
\FP@xia=\count378
\FP@xib=\count379
\FP@xfa=\count380
\FP@xfb=\count381
\FP@rega=\count382
\FP@regb=\count383
\FP@regs=\count384
\FP@times=\count385
)
(C:\Users\user\AppData\Local\Programs\MiKTeX\tex/latex/fp\fp-addons.sty
Package: fp-addons 1995/03/15
)
(C:\Users\user\AppData\Local\Programs\MiKTeX\tex/latex/fp\fp-snap.sty
Package: fp-snap 1995/04/05
)
(C:\Users\user\AppData\Local\Programs\MiKTeX\tex/latex/fp\fp-exp.sty
Package: fp-exp 1995/04/03
)
(C:\Users\user\AppData\Local\Programs\MiKTeX\tex/latex/fp\fp-trigo.sty
Package: fp-trigo 1995/04/14
)
(C:\Users\user\AppData\Local\Programs\MiKTeX\tex/latex/fp\fp-pas.sty
Package: fp-pas 1994/08/29
)
(C:\Users\user\AppData\Local\Programs\MiKTeX\tex/latex/fp\fp-random.sty
Package: fp-random 1995/02/23
\FPseed=\count386
)
(C:\Users\user\AppData\Local\Programs\MiKTeX\tex/latex/fp\fp-eqn.sty
Package: fp-eqn 1995/04/03
)
(C:\Users\user\AppData\Local\Programs\MiKTeX\tex/latex/fp\fp-upn.sty
Package: fp-upn 1996/10/21
)
(C:\Users\user\AppData\Local\Programs\MiKTeX\tex/latex/fp\fp-eval.sty
Package: fp-eval 1995/04/03
))
(C:\Users\user\AppData\Local\Programs\MiKTeX\tex/latex/hyperref\hyperref.sty
Package: hyperref 2025-07-12 v7.01o Hypertext links for LaTeX

(C:\Users\user\AppData\Local\Programs\MiKTeX\tex/generic/pdfescape\pdfescape.st
y
Package: pdfescape 2019/12/09 v1.15 Implements pdfTeX's escape features (HO)

(C:\Users\user\AppData\Local\Programs\MiKTeX\tex/generic/pdftexcmds\pdftexcmds.
sty
Package: pdftexcmds 2020-06-27 v0.33 Utility functions of pdfTeX for LuaTeX (HO
)

(C:\Users\user\AppData\Local\Programs\MiKTeX\tex/generic/infwarerr\infwarerr.st
y
Package: infwarerr 2019/12/03 v1.5 Providing info/warning/error messages (HO)
)
Package pdftexcmds Info: \pdf@primitive is available.
Package pdftexcmds Info: \pdf@ifprimitive is available.
Package pdftexcmds Info: \pdfdraftmode not found.
)) (C:\Users\user\AppData\Local\Programs\MiKTeX\tex/latex/hycolor\hycolor.sty
Package: hycolor 2020-01-27 v1.10 Color options for hyperref/bookmark (HO)
) (C:\Users\user\AppData\Local\Programs\MiKTeX\tex/latex/hyperref\nameref.sty
Package: nameref 2025-06-21 v2.57 Cross-referencing by name of section

(C:\Users\user\AppData\Local\Programs\MiKTeX\tex/latex/refcount\refcount.sty
Package: refcount 2019/12/15 v3.6 Data extraction from label references (HO)
)
(C:\Users\user\AppData\Local\Programs\MiKTeX\tex/generic/gettitlestring\gettitl
estring.sty
Package: gettitlestring 2019/12/15 v1.6 Cleanup title references (HO)
)
\c@section@level=\count387
)
(C:\Users\user\AppData\Local\Programs\MiKTeX\tex/generic/stringenc\stringenc.st
y
Package: stringenc 2019/11/29 v1.12 Convert strings between diff. encodings (HO
)
)
\@linkdim=\dimen337
\Hy@linkcounter=\count388
\Hy@pagecounter=\count389
 (C:\Users\user\AppData\Local\Programs\MiKTeX\tex/latex/hyperref\pd1enc.def
File: pd1enc.def 2025-07-12 v7.01o Hyperref: PDFDocEncoding definition (HO)
)
(C:\Users\user\AppData\Local\Programs\MiKTeX\tex/generic/intcalc\intcalc.sty
Package: intcalc 2019/12/15 v1.3 Expandable calculations with integers (HO)
)
\Hy@SavedSpaceFactor=\count390

(C:\Users\user\AppData\Local\Programs\MiKTeX\tex/latex/hyperref\puenc.def
File: puenc.def 2025-07-12 v7.01o Hyperref: PDF Unicode definition (HO)
)
Package hyperref Info: Hyper figures OFF on input line 4195.
Package hyperref Info: Link nesting OFF on input line 4200.
Package hyperref Info: Hyper index ON on input line 4203.
Package hyperref Info: Plain pages OFF on input line 4210.
Package hyperref Info: Backreferencing OFF on input line 4215.
Package hyperref Info: Implicit mode ON; LaTeX internals redefined.
Package hyperref Info: Bookmarks ON on input line 4462.
\c@Hy@tempcnt=\count391

(C:\Users\user\AppData\Local\Programs\MiKTeX\tex/latex/url\url.sty
\Urlmuskip=\muskip17
Package: url 2013/09/16  ver 3.4  Verb mode for urls, etc.
)
LaTeX Info: Redefining \url on input line 4801.
\XeTeXLinkMargin=\dimen338

(C:\Users\user\AppData\Local\Programs\MiKTeX\tex/generic/bitset\bitset.sty
Package: bitset 2019/12/09 v1.3 Handle bit-vector datatype (HO)

(C:\Users\user\AppData\Local\Programs\MiKTeX\tex/generic/bigintcalc\bigintcalc.
sty
Package: bigintcalc 2019/12/15 v1.5 Expandable calculations on big integers (HO
)
))
\Fld@menulength=\count392
\Field@Width=\dimen339
\Fld@charsize=\dimen340
Package hyperref Info: Hyper figures OFF on input line 6078.
Package hyperref Info: Link nesting OFF on input line 6083.
Package hyperref Info: Hyper index ON on input line 6086.
Package hyperref Info: backreferencing OFF on input line 6093.
Package hyperref Info: Link coloring OFF on input line 6098.
Package hyperref Info: Link coloring with OCG OFF on input line 6103.
Package hyperref Info: PDF/A mode OFF on input line 6108.
\Hy@abspage=\count393
\c@Item=\count394
\c@Hfootnote=\count395
)
Package hyperref Info: Driver (autodetected): hxetex.

(C:\Users\user\AppData\Local\Programs\MiKTeX\tex/latex/hyperref\hxetex.def
File: hxetex.def 2025-07-12 v7.01o Hyperref driver for XeTeX
\pdfm@box=\box79
\c@Hy@AnnotLevel=\count396
\HyField@AnnotCount=\count397
\Fld@listcount=\count398
\c@bookmark@seq@number=\count399

(C:\Users\user\AppData\Local\Programs\MiKTeX\tex/latex/rerunfilecheck\rerunfile
check.sty
Package: rerunfilecheck 2025-06-21 v1.11 Rerun checks for auxiliary files (HO)

(C:\Users\user\AppData\Local\Programs\MiKTeX\tex/generic/uniquecounter\uniqueco
unter.sty
Package: uniquecounter 2019/12/15 v1.4 Provide unlimited unique counter (HO)
)
Package uniquecounter Info: New unique counter `rerunfilecheck' on input line 2
84.
)
\Hy@SectionHShift=\skip119
)
(C:\Users\user\AppData\Local\Programs\MiKTeX\tex/latex/paralist\paralist.sty
Package: paralist 2017/01/22 v2.7 Extended list environments
\pltopsep=\skip120
\plpartopsep=\skip121
\plitemsep=\skip122
\plparsep=\skip123
\pl@lab=\toks44
)
(C:\Users\user\AppData\Local\Programs\MiKTeX\tex/latex/footmisc\footmisc.sty
Package: footmisc 2025/05/09 v7.0b a miscellany of footnote facilities
\FN@temptoken=\toks45
\footnotemargin=\dimen341
Package footmisc Info: Declaring symbol style bringhurst on input line 549.
Package footmisc Info: Declaring symbol style chicago on input line 557.
Package footmisc Info: Declaring symbol style wiley on input line 566.
Package footmisc Info: Declaring symbol style lamport-robust on input line 577.

Package footmisc Info: Declaring symbol style lamport* on input line 597.
Package footmisc Info: Declaring symbol style lamport*-robust on input line 618
.
)
(C:\Users\user\AppData\Local\Programs\MiKTeX\tex/latex/caption\caption.sty
Package: caption 2023/08/05 v3.6o Customizing captions (AR)

(C:\Users\user\AppData\Local\Programs\MiKTeX\tex/latex/caption\caption3.sty
Package: caption3 2023/07/31 v2.4d caption3 kernel (AR)
\caption@tempdima=\dimen342
\captionmargin=\dimen343
\caption@leftmargin=\dimen344
\caption@rightmargin=\dimen345
\caption@width=\dimen346
\caption@indent=\dimen347
\caption@parindent=\dimen348
\caption@hangindent=\dimen349
Package caption Info: Standard document class detected.
)
\c@caption@flags=\count400
\c@continuedfloat=\count401
Package caption Info: hyperref package is loaded.
Package caption Info: longtable package is loaded.

(C:\Users\user\AppData\Local\Programs\MiKTeX\tex/latex/caption\ltcaption.sty
Package: ltcaption 2021/01/08 v1.4c longtable captions (AR)
))
(C:\Users\user\AppData\Local\Programs\MiKTeX\tex/latex/caption\subcaption.sty
Package: subcaption 2023/07/28 v1.6b Sub-captions (AR)
Package caption Info: New subtype `subfigure' on input line 238.
\c@subfigure=\count402
Package caption Info: New subtype `subtable' on input line 238.
\c@subtable=\count403
)

Package fontspec Info: 
(fontspec)             Font family 'TimesNewRoman(0)' created for font 'Times
(fontspec)             New Roman' with options [Ligatures=TeX,Path =
(fontspec)             ./fonts/english/,Extension = .ttf,BoldFont =
(fontspec)             *-Bold,ItalicFont = *-Italic,BoldItalicFont =
(fontspec)             *-BoldItalic].
(fontspec)              
(fontspec)              This font family consists of the following NFSS
(fontspec)             series/shapes:
(fontspec)              
(fontspec)             - 'normal' (m/n) with NFSS spec.:
(fontspec)             <->"[./fonts/english/Times New
(fontspec)             Roman.ttf]/OT:script=latn;language=dflt;mapping=tex-text
;"
(fontspec)             - 'small caps'  (m/sc) with NFSS spec.:
(fontspec)             <->"[./fonts/english/Times New
(fontspec)             Roman.ttf]/OT:script=latn;language=dflt;+smcp;mapping=te
x-text;"
(fontspec)             - 'bold' (b/n) with NFSS spec.:
(fontspec)             <->"[./fonts/english/Times New
(fontspec)             Roman-Bold.ttf]/OT:script=latn;language=dflt;mapping=tex
-text;"
(fontspec)             - 'bold small caps'  (b/sc) with NFSS spec.:
(fontspec)             <->"[./fonts/english/Times New
(fontspec)             Roman-Bold.ttf]/OT:script=latn;language=dflt;+smcp;mappi
ng=tex-text;"
(fontspec)             - 'italic' (m/it) with NFSS spec.:
(fontspec)             <->"[./fonts/english/Times New
(fontspec)             Roman-Italic.ttf]/OT:script=latn;language=dflt;mapping=t
ex-text;"
(fontspec)             - 'italic small caps'  (m/scit) with NFSS spec.:
(fontspec)             <->"[./fonts/english/Times New
(fontspec)             Roman-Italic.ttf]/OT:script=latn;language=dflt;+smcp;map
ping=tex-text;"
(fontspec)             - 'bold italic' (b/it) with NFSS spec.:
(fontspec)             <->"[./fonts/english/Times New
(fontspec)             Roman-BoldItalic.ttf]/OT:script=latn;language=dflt;mappi
ng=tex-text;"
(fontspec)             - 'bold italic small caps'  (b/scit) with NFSS spec.:
(fontspec)             <->"[./fonts/english/Times New
(fontspec)             Roman-BoldItalic.ttf]/OT:script=latn;language=dflt;+smcp
;mapping=tex-text;"


Package fontspec Info: 
(fontspec)             Font family 'BiauKai(0)' created for font 'BiauKai'
(fontspec)             with options
(fontspec)             [Script={CJK},Path={./fonts/chinese/},Extension={.ttf},B
oldFont={Kaiti-Black}].
(fontspec)              
(fontspec)              This font family consists of the following NFSS
(fontspec)             series/shapes:
(fontspec)              
(fontspec)             - 'normal' (m/n) with NFSS spec.:
(fontspec)             <->"[./fonts/chinese/BiauKai.ttf]/OT:script=hani;languag
e=dflt;"
(fontspec)             - 'bold' (b/n) with NFSS spec.:
(fontspec)             <->"[./fonts/chinese/Kaiti-Black.ttf]/OT:script=hani;lan
guage=dflt;"


(C:\Users\user\AppData\Local\Programs\MiKTeX\tex/latex/geometry\geometry.sty
Package: geometry 2026/03/07 v6.0 Page Geometry

(C:\Users\user\AppData\Local\Programs\MiKTeX\tex/generic/iftex\ifvtex.sty
Package: ifvtex 2019/10/25 v1.7 ifvtex legacy package. Use iftex instead.
)
\Gm@cnth=\count404
\Gm@cntv=\count405
\c@Gm@tempcnt=\count406
\Gm@bindingoffset=\dimen350
\Gm@wd@mp=\dimen351
\Gm@odd@mp=\dimen352
\Gm@even@mp=\dimen353
\Gm@layoutwidth=\dimen354
\Gm@layoutheight=\dimen355
\Gm@layouthoffset=\dimen356
\Gm@layoutvoffset=\dimen357
\Gm@dimlist=\toks46

(C:\Users\user\AppData\Local\Programs\MiKTeX\tex/latex/geometry\geometry.cfg))
Package hyperref Info: Option `colorlinks' set `true' on input line 565.
\ntu@CJKChar@size@dimen=\dimen358
) (C:\Users\user\AppData\Local\Programs\MiKTeX\tex/latex/amsmath\amsmath.sty
Package: amsmath 2025/07/09 v2.17z AMS math features
\@mathmargin=\skip124

For additional information on amsmath, use the `?' option.
(C:\Users\user\AppData\Local\Programs\MiKTeX\tex/latex/amsmath\amstext.sty
Package: amstext 2024/11/17 v2.01 AMS text
)
(C:\Users\user\AppData\Local\Programs\MiKTeX\tex/latex/amsmath\amsbsy.sty
Package: amsbsy 1999/11/29 v1.2d Bold Symbols
\pmbraise@=\dimen359
)
(C:\Users\user\AppData\Local\Programs\MiKTeX\tex/latex/amsmath\amsopn.sty
Package: amsopn 2022/04/08 v2.04 operator names
)
\inf@bad=\count407
LaTeX Info: Redefining \frac on input line 233.
\uproot@=\count408
\leftroot@=\count409
LaTeX Info: Redefining \overline on input line 398.
LaTeX Info: Redefining \colon on input line 409.
\classnum@=\count410
\DOTSCASE@=\count411
LaTeX Info: Redefining \ldots on input line 495.
LaTeX Info: Redefining \dots on input line 498.
LaTeX Info: Redefining \cdots on input line 619.
\Mathstrutbox@=\box80
\strutbox@=\box81
LaTeX Info: Redefining \big on input line 721.
LaTeX Info: Redefining \Big on input line 722.
LaTeX Info: Redefining \bigg on input line 723.
LaTeX Info: Redefining \Bigg on input line 724.
\big@size=\dimen360
LaTeX Font Info:    Redeclaring font encoding OML on input line 742.
LaTeX Font Info:    Redeclaring font encoding OMS on input line 743.
\macc@depth=\count412
LaTeX Info: Redefining \bmod on input line 904.
LaTeX Info: Redefining \pmod on input line 909.
LaTeX Info: Redefining \smash on input line 939.
LaTeX Info: Redefining \relbar on input line 969.
LaTeX Info: Redefining \Relbar on input line 970.
\c@MaxMatrixCols=\count413
\dotsspace@=\muskip18
\c@parentequation=\count414
\dspbrk@lvl=\count415
\tag@help=\toks47
\row@=\count416
\column@=\count417
\maxfields@=\count418
\andhelp@=\toks48
\eqnshift@=\dimen361
\alignsep@=\dimen362
\tagshift@=\dimen363
\tagwidth@=\dimen364
\totwidth@=\dimen365
\lineht@=\dimen366
\@envbody=\toks49
\multlinegap=\skip125
\multlinetaggap=\skip126
\mathdisplay@stack=\toks50
LaTeX Info: Redefining \[ on input line 2950.
LaTeX Info: Redefining \] on input line 2951.
)
(C:\Users\user\AppData\Local\Programs\MiKTeX\tex/latex/amsfonts\amssymb.sty
Package: amssymb 2013/01/14 v3.01 AMS font symbols

(C:\Users\user\AppData\Local\Programs\MiKTeX\tex/latex/amsfonts\amsfonts.sty
Package: amsfonts 2013/01/14 v3.01 Basic AMSFonts support
\symAMSa=\mathgroup4
\symAMSb=\mathgroup5
LaTeX Font Info:    Redeclaring math symbol \hbar on input line 98.
LaTeX Font Info:    Overwriting math alphabet `\mathfrak' in version `bold'
(Font)                  U/euf/m/n --> U/euf/b/n on input line 106.
))
(C:\Users\user\AppData\Local\Programs\MiKTeX\tex/latex/tools\bm.sty
Package: bm 2025/10/21 v1.2g Bold Symbol Support (DPC/FMi)
\symboldoperators=\mathgroup6
\symboldletters=\mathgroup7
\symboldsymbols=\mathgroup8
Package bm Info: No bold for \OMX/cmex/m/n, using \pmb.
Package bm Info: No bold for \U/msa/m/n, using \pmb.
Package bm Info: No bold for \U/msb/m/n, using \pmb.
LaTeX Font Info:    Redeclaring math alphabet \mathbf on input line 149.
)
(C:\Users\user\AppData\Local\Programs\MiKTeX\tex/latex/algorithms\algorithm.sty
Invalid UTF-8 byte or sequence at line 11 replaced by U+FFFD.
Package: algorithm 2009/08/24 v0.1 Document Style `algorithm' - floating enviro
nment
(C:\Users\user\AppData\Local\Programs\MiKTeX\tex/latex/float\float.sty
Package: float 2001/11/08 v1.3d Float enhancements (AL)
\c@float@type=\count419
\float@exts=\toks51
\float@box=\box82
\@float@everytoks=\toks52
\@floatcapt=\box83
)
\@float@every@algorithm=\toks53
\c@algorithm=\count420
)
(C:\Users\user\AppData\Local\Programs\MiKTeX\tex/latex/algorithms\algorithmic.s
ty
Invalid UTF-8 byte or sequence at line 11 replaced by U+FFFD.
Package: algorithmic 2009/08/24 v0.1 Document Style `algorithmic'
\c@ALC@unique=\count421
\c@ALC@line=\count422
\c@ALC@rem=\count423
\c@ALC@depth=\count424
\ALC@tlm=\skip127
\algorithmicindent=\skip128
) (ntusetup.tex
(C:\Users\user\AppData\Local\Programs\MiKTeX\tex/latex/natbib\natbib.sty
Package: natbib 2010/09/13 8.31b (PWD, AO)
\bibhang=\skip129
\bibsep=\skip130
LaTeX Info: Redefining \cite on input line 694.
\c@NAT@ctr=\count425
)
(C:\Users\user\AppData\Local\Programs\MiKTeX\tex/latex/amscls\amsthm.sty
Package: amsthm 2020/05/29 v2.20.6
\thm@style=\toks54
\thm@bodyfont=\toks55
\thm@headfont=\toks56
\thm@notefont=\toks57
\thm@headpunct=\toks58
\thm@preskip=\skip131
\thm@postskip=\skip132
\thm@headsep=\skip133
\dth@everypar=\toks59
)
(C:\Users\user\AppData\Local\Programs\MiKTeX\tex/latex/ulem\ulem.sty
\UL@box=\box84
\UL@hyphenbox=\box85
\UL@skip=\skip134
\UL@hook=\toks60
\UL@height=\dimen367
\UL@pe=\count426
\UL@pixel=\dimen368
\ULC@box=\box86
Package: ulem 2019/11/18
\ULdepth=\dimen369
))
(C:\Users\user\AppData\Local\Programs\MiKTeX\tex/latex/comment\comment.sty
\CommentStream=\write4

Excluding comment 'comment') (main.aux)
\openout1 = `main.aux'.

LaTeX Font Info:    Checking defaults for OML/cmm/m/it on input line 50.
LaTeX Font Info:    ... okay on input line 50.
LaTeX Font Info:    Checking defaults for OMS/cmsy/m/n on input line 50.
LaTeX Font Info:    ... okay on input line 50.
LaTeX Font Info:    Checking defaults for OT1/cmr/m/n on input line 50.
LaTeX Font Info:    ... okay on input line 50.
LaTeX Font Info:    Checking defaults for T1/cmr/m/n on input line 50.
LaTeX Font Info:    ... okay on input line 50.
LaTeX Font Info:    Checking defaults for TS1/cmr/m/n on input line 50.
LaTeX Font Info:    ... okay on input line 50.
LaTeX Font Info:    Checking defaults for TU/lmr/m/n on input line 50.
LaTeX Font Info:    ... okay on input line 50.
LaTeX Font Info:    Checking defaults for OMX/cmex/m/n on input line 50.
LaTeX Font Info:    ... okay on input line 50.
LaTeX Font Info:    Checking defaults for U/cmr/m/n on input line 50.
LaTeX Font Info:    ... okay on input line 50.
LaTeX Font Info:    Checking defaults for PD1/pdf/m/n on input line 50.
LaTeX Font Info:    ... okay on input line 50.
LaTeX Font Info:    Checking defaults for PU/pdf/m/n on input line 50.
LaTeX Font Info:    ... okay on input line 50.

Package fontspec Info: 
(fontspec)             Adjusting the maths setup (use [no-math] to avoid
(fontspec)             this).

\symlegacymaths=\mathgroup9
LaTeX Font Info:    Overwriting symbol font `legacymaths' in version `bold'
(Font)                  OT1/cmr/m/n --> OT1/cmr/bx/n on input line 50.
LaTeX Font Info:    Redeclaring math accent \acute on input line 50.
LaTeX Font Info:    Redeclaring math accent \grave on input line 50.
LaTeX Font Info:    Redeclaring math accent \ddot on input line 50.
LaTeX Font Info:    Redeclaring math accent \tilde on input line 50.
LaTeX Font Info:    Redeclaring math accent \bar on input line 50.
LaTeX Font Info:    Redeclaring math accent \breve on input line 50.
LaTeX Font Info:    Redeclaring math accent \check on input line 50.
LaTeX Font Info:    Redeclaring math accent \hat on input line 50.
LaTeX Font Info:    Redeclaring math accent \dot on input line 50.
LaTeX Font Info:    Redeclaring math accent \mathring on input line 50.
LaTeX Font Info:    Redeclaring math symbol \Gamma on input line 50.
LaTeX Font Info:    Redeclaring math symbol \Delta on input line 50.
LaTeX Font Info:    Redeclaring math symbol \Theta on input line 50.
LaTeX Font Info:    Redeclaring math symbol \Lambda on input line 50.
LaTeX Font Info:    Redeclaring math symbol \Xi on input line 50.
LaTeX Font Info:    Redeclaring math symbol \Pi on input line 50.
LaTeX Font Info:    Redeclaring math symbol \Sigma on input line 50.
LaTeX Font Info:    Redeclaring math symbol \Upsilon on input line 50.
LaTeX Font Info:    Redeclaring math symbol \Phi on input line 50.
LaTeX Font Info:    Redeclaring math symbol \Psi on input line 50.
LaTeX Font Info:    Redeclaring math symbol \Omega on input line 50.
LaTeX Font Info:    Redeclaring math symbol \mathdollar on input line 50.
LaTeX Font Info:    Redeclaring symbol font `operators' on input line 50.
LaTeX Font Info:    Encoding `OT1' has changed to `TU' for symbol font
(Font)              `operators' in the math version `normal' on input line 50.
LaTeX Font Info:    Overwriting symbol font `operators' in version `normal'
(Font)                  OT1/cmr/m/n --> TU/TimesNewRoman(0)/m/n on input line 5
0.
LaTeX Font Info:    Encoding `OT1' has changed to `TU' for symbol font
(Font)              `operators' in the math version `bold' on input line 50.
LaTeX Font Info:    Overwriting symbol font `operators' in version `bold'
(Font)                  OT1/cmr/bx/n --> TU/TimesNewRoman(0)/m/n on input line 
50.
LaTeX Font Info:    Overwriting symbol font `operators' in version `normal'
(Font)                  TU/TimesNewRoman(0)/m/n --> TU/TimesNewRoman(0)/m/n on 
input line 50.
LaTeX Font Info:    Overwriting math alphabet `\mathit' in version `normal'
(Font)                  OT1/cmr/m/it --> TU/TimesNewRoman(0)/m/it on input line
 50.
LaTeX Font Info:    Overwriting math alphabet `\mathbf' in version `normal'
(Font)                  OT1/cmr/bx/n --> TU/TimesNewRoman(0)/b/n on input line 
50.
LaTeX Font Info:    Overwriting math alphabet `\mathsf' in version `normal'
(Font)                  OT1/cmss/m/n --> TU/lmss/m/n on input line 50.
LaTeX Font Info:    Overwriting math alphabet `\mathtt' in version `normal'
(Font)                  OT1/cmtt/m/n --> TU/lmtt/m/n on input line 50.
LaTeX Font Info:    Overwriting symbol font `operators' in version `bold'
(Font)                  TU/TimesNewRoman(0)/m/n --> TU/TimesNewRoman(0)/b/n on 
input line 50.
LaTeX Font Info:    Overwriting math alphabet `\mathit' in version `bold'
(Font)                  OT1/cmr/bx/it --> TU/TimesNewRoman(0)/b/it on input lin
e 50.
LaTeX Font Info:    Overwriting math alphabet `\mathsf' in version `bold'
(Font)                  OT1/cmss/bx/n --> TU/lmss/b/n on input line 50.
LaTeX Font Info:    Overwriting math alphabet `\mathtt' in version `bold'
(Font)                  OT1/cmtt/m/n --> TU/lmtt/b/n on input line 50.

(C:\Users\user\AppData\Local\Programs\MiKTeX\tex/latex/pdflscape\pdflscape.sty
Package: pdflscape 2022-10-27 v0.13 Display of landscape pages in PDF

(C:\Users\user\AppData\Local\Programs\MiKTeX\tex/latex/pdflscape\pdflscape-nome
tadata.sty
Package: pdflscape-nometadata 2022-10-28 v0.13 Display of landscape pages in PD
F (HO)

(C:\Users\user\AppData\Local\Programs\MiKTeX\tex/latex/graphics\lscape.sty
Package: lscape 2020/05/28 v3.02 Landscape Pages (DPC)
)
Package pdflscape Info: Auto-detected driver: dvipdfm (xetex) on input line 98.

))
(C:\Users\user\AppData\Local\Programs\MiKTeX\tex/latex/fmtcount\fc-english.def
File: fc-english.def 2016/01/12
)
Package hyperref Info: Link coloring ON on input line 50.
(main.out) (main.out)
\@outlinefile=\write5
\openout5 = `main.out'.

Package caption Info: Begin \AtBeginDocument code.
Package caption Info: float package is loaded.
Package caption Info: End \AtBeginDocument code.

*geometry* driver: auto-detecting
*geometry* detected driver: xetex
*geometry* verbose mode - [ preamble ] result:
* driver: xetex
* paper: <default>
* layout: <same size as paper>
* layoutoffset:(h,v)=(0.0pt,0.0pt)
* modes: twoside 
* h-part:(L,W,R)=(85.35826pt, 426.79135pt, 85.35826pt)
* v-part:(T,H,B)=(85.35826pt, 702.78308pt, 56.9055pt)
* \paperwidth=597.50787pt
* \paperheight=845.04684pt
* \textwidth=426.79135pt
* \textheight=702.78308pt
* \oddsidemargin=13.08827pt
* \evensidemargin=13.08827pt
* \topmargin=-23.91173pt
* \headheight=12.0pt
* \headsep=25.0pt
* \topskip=12.0pt
* \footskip=30.0pt
* \marginparwidth=85.0pt
* \marginparsep=10.0pt
* \columnsep=10.0pt
* \skip\footins=10.8pt plus 4.0pt minus 2.0pt
* \hoffset=0.0pt
* \voffset=0.0pt
* \mag=1000
* \@twocolumnfalse
* \@twosidetrue
* \@mparswitchtrue
* \@reversemarginfalse
* (1in=72.27pt=25.4mm, 1cm=28.453pt)

*geometry* verbose mode - [ newgeometry ] result:
* driver: xetex
* paper: <default>
* layout: <same size as paper>
* layoutoffset:(h,v)=(0.0pt,0.0pt)
* modes: twoside 
* h-part:(L,W,R)=(85.35826pt, 426.79135pt, 85.35826pt)
* v-part:(T,H,B)=(85.35826pt, 674.33032pt, 85.35826pt)
* \paperwidth=597.50787pt
* \paperheight=845.04684pt
* \textwidth=426.79135pt
* \textheight=674.33032pt
* \oddsidemargin=13.08827pt
* \evensidemargin=13.08827pt
* \topmargin=-23.91173pt
* \headheight=12.0pt
* \headsep=25.0pt
* \topskip=12.0pt
* \footskip=30.0pt
* \marginparwidth=85.0pt
* \marginparsep=10.0pt
* \columnsep=10.0pt
* \skip\footins=10.8pt plus 4.0pt minus 2.0pt
* \hoffset=0.0pt
* \voffset=0.0pt
* \mag=1000
* \@twocolumnfalse
* \@twosidetrue
* \@mparswitchtrue
* \@reversemarginfalse
* (1in=72.27pt=25.4mm, 1cm=28.453pt)

File: figures/seal.pdf Graphic file (type pdf)
<use figures/seal.pdf>
[1


]
*geometry* verbose mode - [ newgeometry ] result:
* driver: xetex
* paper: <default>
* layout: <same size as paper>
* layoutoffset:(h,v)=(0.0pt,0.0pt)
* modes: twoside 
* h-part:(L,W,R)=(85.35826pt, 426.79135pt, 85.35826pt)
* v-part:(T,H,B)=(85.35826pt, 702.78308pt, 56.9055pt)
* \paperwidth=597.50787pt
* \paperheight=845.04684pt
* \textwidth=426.79135pt
* \textheight=702.78308pt
* \oddsidemargin=13.08827pt
* \evensidemargin=13.08827pt
* \topmargin=-23.91173pt
* \headheight=12.0pt
* \headsep=25.0pt
* \topskip=12.0pt
* \footskip=30.0pt
* \marginparwidth=85.0pt
* \marginparsep=10.0pt
* \columnsep=10.0pt
* \skip\footins=10.8pt plus 4.0pt minus 2.0pt
* \hoffset=0.0pt
* \voffset=0.0pt
* \mag=1000
* \@twocolumnfalse
* \@twosidetrue
* \@mparswitchtrue
* \@reversemarginfalse
* (1in=72.27pt=25.4mm, 1cm=28.453pt)

 (C:\Users\user\AppData\Local\Programs\MiKTeX\tex/latex/amsfonts\umsa.fd)
(C:\Users\user\AppData\Local\Programs\MiKTeX\tex/latex/amsfonts\umsb.fd)
File: figures/seal.pdf Graphic file (type pdf)
<use figures/seal.pdf>

[1




] (front/acknowledgement.tex
File: figures/seal.pdf Graphic file (type pdf)
<use figures/seal.pdf>
 [2


]) (front/abstract.tex
File: figures/seal.pdf Graphic file (type pdf)
<use figures/seal.pdf>
 [3]
File: figures/seal.pdf Graphic file (type pdf)
<use figures/seal.pdf>
 [4

]
Underfull \vbox (badness 10000) has occurred while \output is active []

File: figures/seal.pdf Graphic file (type pdf)
<use figures/seal.pdf>
 [5]
File: figures/seal.pdf Graphic file (type pdf)
<use figures/seal.pdf>

[6]
Overfull \hbox (18.735pt too wide) in paragraph at lines 17--18
\TU/TimesNewRoman(0)/m/n/12 soft successive interference cancellation (soft SIC
) and gain division multiple access (GDMA).
 []


Underfull \vbox (badness 10000) has occurred while \output is active []

File: figures/seal.pdf Graphic file (type pdf)
<use figures/seal.pdf>
 [7

]
Overfull \hbox (5.9269pt too wide) in paragraph at lines 19--20
\TU/TimesNewRoman(0)/m/n/12 is developed. The receiver integrates decoder-aided
 soft interference cancellation, variance-
 []

)
File: figures/seal.pdf Graphic file (type pdf)
<use figures/seal.pdf>
 [8] (main.toc
Underfull \vbox (badness 10000) has occurred while \output is active []

File: figures/seal.pdf Graphic file (type pdf)
<use figures/seal.pdf>
 [9

]
Underfull \vbox (badness 10000) has occurred while \output is active []

File: figures/seal.pdf Graphic file (type pdf)
<use figures/seal.pdf>
 [10])
\tf@toc=\write6
\openout6 = `main.toc'.

File: figures/seal.pdf Graphic file (type pdf)
<use figures/seal.pdf>

[11]
File: figures/seal.pdf Graphic file (type pdf)
<use figures/seal.pdf>
 [12

] (main.lof
Overfull \hbox (5.00018pt too wide) in paragraph at lines 13--13
 [][] [][][]\TU/TimesNewRoman(0)/m/n/12 Multi-resource PD-NOMA model. Multiple 
users share multiple resources, 
 []


Underfull \vbox (badness 10000) has occurred while \output is active []

File: figures/seal.pdf Graphic file (type pdf)
<use figures/seal.pdf>
 [13]
Underfull \vbox (badness 10000) has occurred while \output is active []

File: figures/seal.pdf Graphic file (type pdf)
<use figures/seal.pdf>
 [14])
\tf@lof=\write7
\openout7 = `main.lof'.

File: figures/seal.pdf Graphic file (type pdf)
<use figures/seal.pdf>

[15]
File: figures/seal.pdf Graphic file (type pdf)
<use figures/seal.pdf>
 [16

] (main.lot)
\tf@lot=\write8
\openout8 = `main.lot'.

File: figures/seal.pdf Graphic file (type pdf)
<use figures/seal.pdf>
 [17]
File: figures/seal.pdf Graphic file (type pdf)
<use figures/seal.pdf>
 [18

]
*geometry* verbose mode - [ newgeometry ] result:
* driver: xetex
* paper: <default>
* layout: <same size as paper>
* layoutoffset:(h,v)=(0.0pt,0.0pt)
* modes: twoside 
* h-part:(L,W,R)=(85.35826pt, 426.79135pt, 85.35826pt)
* v-part:(T,H,B)=(85.35826pt, 702.78308pt, 56.9055pt)
* \paperwidth=597.50787pt
* \paperheight=845.04684pt
* \textwidth=426.79135pt
* \textheight=702.78308pt
* \oddsidemargin=13.08827pt
* \evensidemargin=13.08827pt
* \topmargin=-23.91173pt
* \headheight=12.0pt
* \headsep=25.0pt
* \topskip=12.0pt
* \footskip=30.0pt
* \marginparwidth=85.0pt
* \marginparsep=10.0pt
* \columnsep=10.0pt
* \skip\footins=10.8pt plus 4.0pt minus 2.0pt
* \hoffset=0.0pt
* \voffset=0.0pt
* \mag=1000
* \@twocolumnfalse
* \@twosidetrue
* \@mparswitchtrue
* \@reversemarginfalse
* (1in=72.27pt=25.4mm, 1cm=28.453pt)

 (contents/chapter01.tex
Chapter 1.
File: figures/seal.pdf Graphic file (type pdf)
<use figures/seal.pdf>
[1


]
Overfull \hbox (0.78188pt too wide) in paragraph at lines 15--16
[]\TU/TimesNewRoman(0)/m/n/12 multi-resource PD-NOMA, which preserves the low-c
omplexity SIC structure while
 []


Underfull \vbox (badness 10000) has occurred while \output is active []

File: figures/seal.pdf Graphic file (type pdf)
<use figures/seal.pdf>
 [2]

Package xeCJK Warning: Unknown CJK family `\CJKttdefault' is being ignored.
(xeCJK)                
(xeCJK)                Try to use `\setCJKmonofont[<...>]{<...>}' to define
(xeCJK)                it.


Underfull \vbox (badness 10000) has occurred while \output is active []

File: figures/seal.pdf Graphic file (type pdf)
<use figures/seal.pdf>
 [3]
Overfull \hbox (1.7731pt too wide) in paragraph at lines 35--36
\TU/TimesNewRoman(0)/m/n/12 NOMA. These extensions are important because practi
cal uplink systems often use OFDM,
 []

File: figures/seal.pdf Graphic file (type pdf)
<use figures/seal.pdf>
[4]) (contents/chapter02.tex
Underfull \vbox (badness 2205) has occurred while \output is active []

File: figures/seal.pdf Graphic file (type pdf)
<use figures/seal.pdf>
 [5]
File: figures/seal.pdf Graphic file (type pdf)
<use figures/seal.pdf>

[6]
Chapter 2.

Underfull \vbox (badness 1577) has occurred while \output is active []

File: figures/seal.pdf Graphic file (type pdf)
<use figures/seal.pdf>
 [7

]
File: figures/seal.pdf Graphic file (type pdf)
<use figures/seal.pdf>

[8]
Underfull \vbox (badness 10000) has occurred while \output is active []

File: figures/seal.pdf Graphic file (type pdf)
<use figures/seal.pdf>
 [9]
Underfull \vbox (badness 10000) has occurred while \output is active []

File: figures/seal.pdf Graphic file (type pdf)
<use figures/seal.pdf>
 [10]
Underfull \vbox (badness 10000) has occurred while \output is active []

File: figures/seal.pdf Graphic file (type pdf)
<use figures/seal.pdf>
 [11]
Underfull \vbox (badness 10000) has occurred while \output is active []

File: figures/seal.pdf Graphic file (type pdf)
<use figures/seal.pdf>
 [12]
Underfull \vbox (badness 2922) has occurred while \output is active []

File: figures/seal.pdf Graphic file (type pdf)
<use figures/seal.pdf>
 [13]
Overfull \hbox (1.65376pt too wide) in paragraph at lines 167--168
\TU/TimesNewRoman(0)/m/n/12 pected because GDMA jointly evaluates all possible 
multiuser symbol combinations, while
 []

) (contents/chapter03.tex
Underfull \vbox (badness 10000) has occurred while \output is active []

File: figures/seal.pdf Graphic file (type pdf)
<use figures/seal.pdf>
 [14]
File: figures/seal.pdf Graphic file (type pdf)
<use figures/seal.pdf>

[15]
File: figures/seal.pdf Graphic file (type pdf)
<use figures/seal.pdf>
 [16]
Chapter 3.

Overfull \hbox (2.95259pt too wide) in paragraph at lines 3--4
[]\TU/TimesNewRoman(0)/m/n/12 This chapter extends single-resource PD-NOMA to a
 multiple-resource system, where
 []


Underfull \vbox (badness 6675) has occurred while \output is active []

File: figures/seal.pdf Graphic file (type pdf)
<use figures/seal.pdf>
 [17

]
Underfull \vbox (badness 10000) has occurred while \output is active []

File: figures/seal.pdf Graphic file (type pdf)
<use figures/seal.pdf>
 [18]
Underfull \vbox (badness 10000) has occurred while \output is active []

File: figures/seal.pdf Graphic file (type pdf)
<use figures/seal.pdf>
 [19]
Underfull \vbox (badness 10000) has occurred while \output is active []

File: figures/seal.pdf Graphic file (type pdf)
<use figures/seal.pdf>
 [20]
Underfull \vbox (badness 10000) has occurred while \output is active []

File: figures/seal.pdf Graphic file (type pdf)
<use figures/seal.pdf>
 [21]
Underfull \vbox (badness 10000) has occurred while \output is active []

File: figures/seal.pdf Graphic file (type pdf)
<use figures/seal.pdf>
 [22]
Underfull \vbox (badness 10000) has occurred while \output is active []

File: figures/seal.pdf Graphic file (type pdf)
<use figures/seal.pdf>
 [23]
Underfull \vbox (badness 10000) has occurred while \output is active []

File: figures/seal.pdf Graphic file (type pdf)
<use figures/seal.pdf>
 [24]
Underfull \vbox (badness 2762) has occurred while \output is active []

File: figures/seal.pdf Graphic file (type pdf)
<use figures/seal.pdf>
 [25]
Overfull \hbox (1.43326pt too wide) in paragraph at lines 241--242
[]\TU/TimesNewRoman(0)/m/n/12 The ordering comparison further explains the beha
vior of MMSE-SIC. In the unequal-
 []


Underfull \vbox (badness 10000) has occurred while \output is active []

File: figures/seal.pdf Graphic file (type pdf)
<use figures/seal.pdf>
 [26])
(contents/chapter04.tex
File: figures/seal.pdf Graphic file (type pdf)
<use figures/seal.pdf>
 [27]
File: figures/seal.pdf Graphic file (type pdf)
<use figures/seal.pdf>
 [28

]
Chapter 4.

Underfull \vbox (badness 6675) has occurred while \output is active []

File: figures/seal.pdf Graphic file (type pdf)
<use figures/seal.pdf>
 [29]
Underfull \vbox (badness 4765) has occurred while \output is active []

File: figures/seal.pdf Graphic file (type pdf)
<use figures/seal.pdf>
 [30]
File: figures/seal.pdf Graphic file (type pdf)
<use figures/seal.pdf>

[31]
Underfull \vbox (badness 10000) has occurred while \output is active []

File: figures/seal.pdf Graphic file (type pdf)
<use figures/seal.pdf>
 [32]
Underfull \vbox (badness 10000) has occurred while \output is active []

File: figures/seal.pdf Graphic file (type pdf)
<use figures/seal.pdf>
 [33]
Overfull \hbox (2.3981pt too wide) in paragraph at lines 110--112
\TU/TimesNewRoman(0)/m/n/12 Assuming the interleaved coded bits are represented
 by independent bit priors at the demap-
 []


Underfull \vbox (badness 10000) has occurred while \output is active []

File: figures/seal.pdf Graphic file (type pdf)
<use figures/seal.pdf>
 [34]
Underfull \vbox (badness 10000) has occurred while \output is active []

File: figures/seal.pdf Graphic file (type pdf)
<use figures/seal.pdf>
 [35]
File: figures/seal.pdf Graphic file (type pdf)
<use figures/seal.pdf>

[36]
Underfull \vbox (badness 10000) has occurred while \output is active []

File: figures/seal.pdf Graphic file (type pdf)
<use figures/seal.pdf>
 [37]
Underfull \vbox (badness 10000) has occurred while \output is active []

File: figures/seal.pdf Graphic file (type pdf)
<use figures/seal.pdf>
 [38]
Package hyperref Info: bookmark level for unknown algorithm defaults to 0 on in
put line 348.

Underfull \vbox (badness 10000) has occurred while \output is active []

File: figures/seal.pdf Graphic file (type pdf)
<use figures/seal.pdf>
 [39]
Underfull \vbox (badness 2443) has occurred while \output is active []

File: figures/seal.pdf Graphic file (type pdf)
<use figures/seal.pdf>
 [40]
File: figures/seal.pdf Graphic file (type pdf)
<use figures/seal.pdf>

[41] Excluding 'comment' comment.
Overfull \hbox (27.41808pt too wide) in paragraph at lines 433--444
\TU/TimesNewRoman(0)/m/n/12 SINR ordering, and MMSE-PIC-IDD. Unless otherwise s
tated, the simulations use a $\OT1/cmr/m/n/12 (1008\OML/cmm/m/it/12 ; \OT1/cmr/
m/n/12 504)$
 []


LaTeX Warning: Reference `fig:coded-unequal-beta' on page 42 undefined on input
 line 445.

Excluding 'comment' comment.
File: figures/seal.pdf Graphic file (type pdf)
<use figures/seal.pdf>
 [42]

LaTeX Warning: Reference `fig:coded-user3-equal' on page 43 undefined on input 
line 455.

Excluding 'comment' comment.

LaTeX Warning: Reference `fig:coded-user4-equal' on page 43 undefined on input 
line 465.


LaTeX Warning: Reference `fig:coded-user3-equal' on page 43 undefined on input 
line 465.

Excluding 'comment' comment.
Underfull \vbox (badness 10000) has occurred while \output is active []

File: figures/seal.pdf Graphic file (type pdf)
<use figures/seal.pdf>
 [43]

LaTeX Warning: Reference `fig:coded-user6-equal' on page 44 undefined on input 
line 475.

Excluding 'comment' comment.

LaTeX Warning: Reference `fig:coded-mixed-modulation' on page 44 undefined on i
nput line 487.


Overfull \hbox (5.52992pt too wide) in paragraph at lines 491--492
[]\TU/TimesNewRoman(0)/m/n/12 The simulation results show that the IDD structur
e is effective for coded multi-resource
 []

File: figures/seal.pdf Graphic file (type pdf)
<use figures/seal.pdf>
[44]
Overfull \hbox (25.68521pt too wide) in paragraph at lines 497--498
[]\TU/TimesNewRoman(0)/m/n/12 The unequal resource-weight results further show 
that weak users can become interference-
 []


Overfull \hbox (21.10384pt too wide) in paragraph at lines 497--498
\TU/TimesNewRoman(0)/m/n/12 limited if the resource-domain power distribution i
s highly imbalanced. The mixed-modulation
 []


Underfull \vbox (badness 10000) has occurred while \output is active []

File: figures/seal.pdf Graphic file (type pdf)
<use figures/seal.pdf>
 [45]
Underfull \hbox (badness 10000) in paragraph at lines 511--511
[]|\TU/TimesNewRoman(0)/m/n/12 GDMA/ HDS-
 []


Underfull \hbox (badness 10000) in paragraph at lines 511--512
[]|\TU/TimesNewRoman(0)/m/n/12 Multi-resource
 []


Underfull \hbox (badness 10000) in paragraph at lines 511--512
\TU/TimesNewRoman(0)/m/n/12 PD-NOMA
 []


Underfull \hbox (badness 10000) in paragraph at lines 513--513
[]|\TU/TimesNewRoman(0)/m/n/12 Complex channel
 []


Underfull \hbox (badness 6141) in paragraph at lines 513--513
\TU/TimesNewRoman(0)/m/n/12 gain and/ or signa-
 []


Underfull \hbox (badness 1242) in paragraph at lines 513--513
[]|\TU/TimesNewRoman(0)/m/n/12 Received-power dif-
 []


Underfull \hbox (badness 10000) in paragraph at lines 513--514
[]|\TU/TimesNewRoman(0)/m/n/12 Resource-domain
 []


Underfull \hbox (badness 10000) in paragraph at lines 513--514
\TU/TimesNewRoman(0)/m/n/12 channel vectors;
 []


Underfull \hbox (badness 10000) in paragraph at lines 513--514
\TU/TimesNewRoman(0)/m/n/12 magnitude and
 []


Underfull \hbox (badness 10000) in paragraph at lines 513--514
\TU/TimesNewRoman(0)/m/n/12 phase through
 []


Underfull \hbox (badness 1253) in paragraph at lines 514--514
[]|\TU/TimesNewRoman(0)/m/n/12 Successive cancella-
 []


Underfull \hbox (badness 10000) in paragraph at lines 515--516
[]|\TU/TimesNewRoman(0)/m/n/12 Approximately
 []


Underfull \hbox (badness 7869) in paragraph at lines 515--516
\TU/TimesNewRoman(0)/m/n/12 mial, depending
 []


Underfull \hbox (badness 1635) in paragraph at lines 515--516
\TU/TimesNewRoman(0)/m/n/12 on matrix inver-
 []


Underfull \hbox (badness 10000) in paragraph at lines 516--516
[]|\TU/TimesNewRoman(0)/m/n/12 Best among com-
 []


Underfull \hbox (badness 10000) in paragraph at lines 516--516
[]|\TU/TimesNewRoman(0)/m/n/12 Sensitive to error
 []


Underfull \hbox (badness 2680) in paragraph at lines 517--517
\TU/TimesNewRoman(0)/m/n/12 feedback if IDD is
 []


Underfull \hbox (badness 10000) in paragraph at lines 517--518
[]|\TU/TimesNewRoman(0)/m/n/12 Competitive
 []


Underfull \hbox (badness 10000) in paragraph at lines 517--518
\TU/TimesNewRoman(0)/m/n/12 with IDD and
 []


Underfull \hbox (badness 10000) in paragraph at lines 517--518
\TU/TimesNewRoman(0)/m/n/12 variance-aware
 []


Underfull \hbox (badness 1642) in paragraph at lines 518--518
[]|\TU/TimesNewRoman(0)/m/n/12 Higher due to joint
 []


Underfull \hbox (badness 10000) in paragraph at lines 519--519
\TU/TimesNewRoman(0)/m/n/12 power disparity is
 []


Underfull \hbox (badness 5475) in paragraph at lines 519--520
[]|\TU/TimesNewRoman(0)/m/n/12 Medium loading
 []


Overfull \hbox (13.86241pt too wide) in paragraph at lines 509--522
 [][] 
 []

) (contents/chapter05.tex
File: figures/seal.pdf Graphic file (type pdf)
<use figures/seal.pdf>
 [46]
File: figures/seal.pdf Graphic file (type pdf)
<use figures/seal.pdf>
 [47]
File: figures/seal.pdf Graphic file (type pdf)
<use figures/seal.pdf>
 [48

]
Chapter 5.

Underfull \vbox (badness 10000) has occurred while \output is active []

File: figures/seal.pdf Graphic file (type pdf)
<use figures/seal.pdf>
 [49]
File: figures/seal.pdf Graphic file (type pdf)
<use figures/seal.pdf>

[50]
File: figures/seal.pdf Graphic file (type pdf)
<use figures/seal.pdf>
 [51]
File: figures/seal.pdf Graphic file (type pdf)
<use figures/seal.pdf>
 [52]
Underfull \vbox (badness 3657) has occurred while \output is active []

File: figures/seal.pdf Graphic file (type pdf)
<use figures/seal.pdf>
 [53]
Underfull \vbox (badness 10000) has occurred while \output is active []

File: figures/seal.pdf Graphic file (type pdf)
<use figures/seal.pdf>
 [54]

Package natbib Warning: Citation `lin2023uplink' on page 55 undefined on input 
line 90.


Package natbib Warning: Citation `haci2017performance' on page 55 undefined on 
input line 90.


Package natbib Warning: Citation `abeywickrama2017over' on page 55 undefined on
 input line 90.


Package natbib Warning: Citation `minn2003robust' on page 55 undefined on input
 line 90.


Underfull \vbox (badness 1377) has occurred while \output is active []

File: figures/seal.pdf Graphic file (type pdf)
<use figures/seal.pdf>
 [55]

Package natbib Warning: Citation `lin2023uplink' on page 56 undefined on input 
line 92.


Package natbib Warning: Citation `haci2017performance' on page 56 undefined on 
input line 92.


Package natbib Warning: Citation `minn2003robust' on page 56 undefined on input
 line 92.


Package natbib Warning: Citation `li2023transceiver' on page 56 undefined on in
put line 92.


Overfull \hbox (0.84987pt too wide) in paragraph at lines 96--97
[]\TU/TimesNewRoman(0)/m/n/12 For a NOMA system, different users may have diffe
rent timing offsets, which changes
 []


Underfull \vbox (badness 10000) has occurred while \output is active []

File: figures/seal.pdf Graphic file (type pdf)
<use figures/seal.pdf>
 [56]
Underfull \vbox (badness 10000) has occurred while \output is active []

File: figures/seal.pdf Graphic file (type pdf)
<use figures/seal.pdf>
 [57]
Underfull \vbox (badness 10000) has occurred while \output is active []

File: figures/seal.pdf Graphic file (type pdf)
<use figures/seal.pdf>
 [58]
Underfull \vbox (badness 10000) has occurred while \output is active []

File: figures/seal.pdf Graphic file (type pdf)
<use figures/seal.pdf>
 [59])
(contents/chapter06.tex) (contents/chapter07.tex
File: figures/seal.pdf Graphic file (type pdf)
<use figures/seal.pdf>
 [60]
File: figures/seal.pdf Graphic file (type pdf)
<use figures/seal.pdf>
 [61]
File: figures/seal.pdf Graphic file (type pdf)
<use figures/seal.pdf>
 [62

]
Chapter 6.

Underfull \vbox (badness 1460) has occurred while \output is active []

File: figures/seal.pdf Graphic file (type pdf)
<use figures/seal.pdf>
 [63]
Underfull \vbox (badness 10000) has occurred while \output is active []

File: figures/seal.pdf Graphic file (type pdf)
<use figures/seal.pdf>
 [64]
Overfull \hbox (0.2301pt too wide) in paragraph at lines 21--22
[]\TU/TimesNewRoman(0)/m/n/12 Develop lower-complexity approximations to MAP-ID
D for HDS-CDMA and com-
 []

) (main.bbl
File: figures/seal.pdf Graphic file (type pdf)
<use figures/seal.pdf>
 [65]
File: figures/seal.pdf Graphic file (type pdf)
<use figures/seal.pdf>
 [66

]
File: figures/seal.pdf Graphic file (type pdf)
<use figures/seal.pdf>
 [67]
File: figures/seal.pdf Graphic file (type pdf)
<use figures/seal.pdf>
 [68])

Package natbib Warning: There were undefined citations.

File: figures/seal.pdf Graphic file (type pdf)
<use figures/seal.pdf>
[69] (main.aux)
 ***********
LaTeX2e <2025-11-01>
L3 programming layer <2022/08/05>
 ***********


LaTeX Font Warning: Size substitutions with differences
(Font)              up to 1.28pt have occurred.


LaTeX Warning: There were undefined references.

Package rerunfilecheck Info: File `main.out' has not changed.
(rerunfilecheck)             Checksum: 18B1CB70F740286C351240103BEB77E5;9105.
 ) 
Here is how much of TeX's memory you used:
 32168 strings out of 402987
 641432 string characters out of 5448731
 1124478 words of memory out of 5000000
 60291 multiletter control sequences out of 15000+600000
 641414 words of font info for 129 fonts, out of 8000000 for 9000
 1348 hyphenation exceptions out of 8191
 99i,15n,131p,1210b,916s stack positions out of 10000i,1000n,20000p,200000b,200000s

Output written on main.pdf (88 pages).
